LINE 231 : 2021-01-21 16:55:54,572 [DEBUG   ] Starting new HTTP connection (1): amp.pharm.mssm.edu:80
LINE 461 : 2021-01-21 16:55:54,789 [DEBUG   ] http://amp.pharm.mssm.edu:80 "GET /Enrichr/datasetStatistics HTTP/1.1" 307 171
LINE 975 : 2021-01-21 16:55:54,796 [DEBUG   ] Starting new HTTPS connection (1): maayanlab.cloud:443
LINE 461 : 2021-01-21 16:55:55,201 [DEBUG   ] https://maayanlab.cloud:443 "GET /Enrichr/datasetStatistics HTTP/1.1" 200 None
LINE 363 : 2021-01-21 16:55:55,300 [INFO    ] Connecting to Enrichr Server to get latest library names
LINE 381 : 2021-01-21 16:55:55,300 [DEBUG   ] Start Enrichr using library: GO_Biological_Process_2018
LINE 382 : 2021-01-21 16:55:55,301 [INFO    ] Analysis name: pathway, Enrichr Library: GO_Biological_Process_2018
LINE 231 : 2021-01-21 16:55:55,305 [DEBUG   ] Starting new HTTP connection (1): amp.pharm.mssm.edu:80
LINE 461 : 2021-01-21 16:55:55,619 [DEBUG   ] http://amp.pharm.mssm.edu:80 "POST /Enrichr/addList HTTP/1.1" 307 171
LINE 975 : 2021-01-21 16:55:55,626 [DEBUG   ] Starting new HTTPS connection (1): maayanlab.cloud:443
LINE 461 : 2021-01-21 16:56:45,599 [DEBUG   ] https://maayanlab.cloud:443 "POST /Enrichr/addList HTTP/1.1" 200 74
LINE 231 : 2021-01-21 16:56:46,610 [DEBUG   ] Starting new HTTP connection (1): amp.pharm.mssm.edu:80
LINE 461 : 2021-01-21 16:56:46,839 [DEBUG   ] http://amp.pharm.mssm.edu:80 "GET /Enrichr/export?userListId=33285472&filename=GO_Biological_Process_2018.pathway.reports&backgroundType=GO_Biological_Process_2018 HTTP/1.1" 307 171
LINE 975 : 2021-01-21 16:56:46,846 [DEBUG   ] Starting new HTTPS connection (1): maayanlab.cloud:443
LINE 461 : 2021-01-21 16:57:06,187 [DEBUG   ] https://maayanlab.cloud:443 "GET /Enrichr/export?userListId=33285472&filename=GO_Biological_Process_2018.pathway.reports&backgroundType=GO_Biological_Process_2018 HTTP/1.1" 200 None
LINE 390 : 2021-01-21 16:57:07,036 [INFO    ] Save file of enrichment results: Job Id:4ca7b1df2bb2698aa31b0cd99c8a18c3
LINE 399 : 2021-01-21 16:57:07,098 [WARNING ] Warning: No enrich terms using library GO_Biological_Process_2018 when cutoff = 0.05
LINE 400 : 2021-01-21 16:57:07,099 [INFO    ] Done.

LINE 231 : 2021-01-21 16:57:08,359 [DEBUG   ] Starting new HTTP connection (1): amp.pharm.mssm.edu:80
LINE 461 : 2021-01-21 16:57:08,575 [DEBUG   ] http://amp.pharm.mssm.edu:80 "GET /Enrichr/datasetStatistics HTTP/1.1" 307 171
LINE 975 : 2021-01-21 16:57:08,582 [DEBUG   ] Starting new HTTPS connection (1): maayanlab.cloud:443
LINE 461 : 2021-01-21 16:57:08,988 [DEBUG   ] https://maayanlab.cloud:443 "GET /Enrichr/datasetStatistics HTTP/1.1" 200 None
LINE 501 : 2021-01-21 16:57:09,099 [INFO    ] Parsing data files for GSEA.............................
LINE 231 : 2021-01-21 16:57:09,102 [DEBUG   ] Starting new HTTP connection (1): amp.pharm.mssm.edu:80
LINE 461 : 2021-01-21 16:57:09,319 [DEBUG   ] http://amp.pharm.mssm.edu:80 "GET /Enrichr/datasetStatistics HTTP/1.1" 307 171
LINE 975 : 2021-01-21 16:57:09,325 [DEBUG   ] Starting new HTTPS connection (1): maayanlab.cloud:443
LINE 461 : 2021-01-21 16:57:09,760 [DEBUG   ] https://maayanlab.cloud:443 "GET /Enrichr/datasetStatistics HTTP/1.1" 200 None
LINE 166 : 2021-01-21 16:57:09,868 [INFO    ] Enrichr library gene sets already downloaded in: /Users/paulo.czarnewski/.cache/gseapy, use local file
LINE 135 : 2021-01-21 16:57:10,600 [INFO    ] 0405 gene_sets have been filtered out when max_size=500 and min_size=15
LINE 505 : 2021-01-21 16:57:10,600 [INFO    ] 0067 gene_sets used for further statistical testing.....
LINE 506 : 2021-01-21 16:57:10,600 [INFO    ] Start to run GSEA...Might take a while..................
LINE 465 : 2021-01-21 16:57:10,600 [DEBUG   ] Start to compute enrichment scores......................
LINE 489 : 2021-01-21 16:57:10,600 [DEBUG   ] Start to compute es and esnulls........................
LINE 652 : 2021-01-21 16:57:15,199 [DEBUG   ] Start to compute pvals..................................
LINE 656 : 2021-01-21 16:57:15,199 [DEBUG   ] Start to compute nes and nesnull........................
LINE 660 : 2021-01-21 16:57:15,205 [DEBUG   ] Start to compute fdrs..................................
LINE 634 : 2021-01-21 16:57:15,210 [DEBUG   ] Statistical testing finished.............................
LINE 514 : 2021-01-21 16:57:15,210 [INFO    ] Start to generate gseapy reports, and produce figures...
LINE 2646: 2021-01-21 16:57:15,295 [DEBUG   ] top of axes not in the figure, so title not moved
LINE 2646: 2021-01-21 16:57:15,318 [DEBUG   ] top of axes not in the figure, so title not moved
LINE 2646: 2021-01-21 16:57:15,333 [DEBUG   ] top of axes not in the figure, so title not moved
LINE 1334: 2021-01-21 16:57:15,366 [DEBUG   ] findfont: Matching sans\-serif:style=normal:variant=normal:weight=bold:stretch=normal:size=16.0.
LINE 1346: 2021-01-21 16:57:15,367 [DEBUG   ] findfont: score(<Font 'DejaVu Sans Mono' (DejaVuSansMono.ttf) normal normal 400 normal>) = 10.335
LINE 1346: 2021-01-21 16:57:15,367 [DEBUG   ] findfont: score(<Font 'STIXSizeOneSym' (STIXSizOneSymReg.ttf) normal normal 400 normal>) = 10.335
LINE 1346: 2021-01-21 16:57:15,367 [DEBUG   ] findfont: score(<Font 'STIXSizeThreeSym' (STIXSizThreeSymBol.ttf) normal normal 700 normal>) = 10.05
LINE 1346: 2021-01-21 16:57:15,367 [DEBUG   ] findfont: score(<Font 'cmsy10' (cmsy10.ttf) normal normal 400 normal>) = 10.335
LINE 1346: 2021-01-21 16:57:15,367 [DEBUG   ] findfont: score(<Font 'DejaVu Serif' (DejaVuSerif-BoldItalic.ttf) italic normal 700 normal>) = 11.05
LINE 1346: 2021-01-21 16:57:15,367 [DEBUG   ] findfont: score(<Font 'STIXSizeOneSym' (STIXSizOneSymBol.ttf) normal normal 700 normal>) = 10.05
LINE 1346: 2021-01-21 16:57:15,367 [DEBUG   ] findfont: score(<Font 'STIXNonUnicode' (STIXNonUniBolIta.ttf) italic normal 700 normal>) = 11.05
LINE 1346: 2021-01-21 16:57:15,367 [DEBUG   ] findfont: score(<Font 'DejaVu Sans Mono' (DejaVuSansMono-Oblique.ttf) oblique normal 400 normal>) = 11.335
LINE 1346: 2021-01-21 16:57:15,367 [DEBUG   ] findfont: score(<Font 'STIXSizeTwoSym' (STIXSizTwoSymReg.ttf) normal normal 400 normal>) = 10.335
LINE 1346: 2021-01-21 16:57:15,367 [DEBUG   ] findfont: score(<Font 'STIXGeneral' (STIXGeneral.ttf) normal normal 400 normal>) = 10.335
LINE 1346: 2021-01-21 16:57:15,367 [DEBUG   ] findfont: score(<Font 'DejaVu Sans Display' (DejaVuSansDisplay.ttf) normal normal 400 normal>) = 10.335
LINE 1346: 2021-01-21 16:57:15,367 [DEBUG   ] findfont: score(<Font 'STIXSizeTwoSym' (STIXSizTwoSymBol.ttf) normal normal 700 normal>) = 10.05
LINE 1346: 2021-01-21 16:57:15,367 [DEBUG   ] findfont: score(<Font 'DejaVu Serif' (DejaVuSerif.ttf) normal normal 400 normal>) = 10.335
LINE 1346: 2021-01-21 16:57:15,367 [DEBUG   ] findfont: score(<Font 'DejaVu Sans Mono' (DejaVuSansMono-BoldOblique.ttf) oblique normal 700 normal>) = 11.05
LINE 1346: 2021-01-21 16:57:15,367 [DEBUG   ] findfont: score(<Font 'DejaVu Sans Mono' (DejaVuSansMono-Bold.ttf) normal normal 700 normal>) = 10.05
LINE 1346: 2021-01-21 16:57:15,367 [DEBUG   ] findfont: score(<Font 'DejaVu Serif' (DejaVuSerif-Bold.ttf) normal normal 700 normal>) = 10.05
LINE 1346: 2021-01-21 16:57:15,368 [DEBUG   ] findfont: score(<Font 'DejaVu Sans' (DejaVuSans-Oblique.ttf) oblique normal 400 normal>) = 5.335
LINE 1346: 2021-01-21 16:57:15,368 [DEBUG   ] findfont: score(<Font 'cmtt10' (cmtt10.ttf) normal normal 400 normal>) = 10.335
LINE 1346: 2021-01-21 16:57:15,368 [DEBUG   ] findfont: score(<Font 'DejaVu Sans' (DejaVuSans-BoldOblique.ttf) oblique normal 700 normal>) = 5.05
LINE 1346: 2021-01-21 16:57:15,368 [DEBUG   ] findfont: score(<Font 'DejaVu Sans' (DejaVuSans.ttf) normal normal 400 normal>) = 4.335
LINE 1346: 2021-01-21 16:57:15,368 [DEBUG   ] findfont: score(<Font 'DejaVu Serif' (DejaVuSerif-Italic.ttf) italic normal 400 normal>) = 11.335
LINE 1346: 2021-01-21 16:57:15,368 [DEBUG   ] findfont: score(<Font 'STIXGeneral' (STIXGeneralItalic.ttf) italic normal 400 normal>) = 11.335
LINE 1346: 2021-01-21 16:57:15,368 [DEBUG   ] findfont: score(<Font 'STIXGeneral' (STIXGeneralBolIta.ttf) italic normal 700 normal>) = 11.05
LINE 1346: 2021-01-21 16:57:15,368 [DEBUG   ] findfont: score(<Font 'cmmi10' (cmmi10.ttf) normal normal 400 normal>) = 10.335
LINE 1346: 2021-01-21 16:57:15,368 [DEBUG   ] findfont: score(<Font 'cmb10' (cmb10.ttf) normal normal 400 normal>) = 10.335
LINE 1346: 2021-01-21 16:57:15,368 [DEBUG   ] findfont: score(<Font 'STIXNonUnicode' (STIXNonUniBol.ttf) normal normal 700 normal>) = 10.05
LINE 1346: 2021-01-21 16:57:15,368 [DEBUG   ] findfont: score(<Font 'STIXNonUnicode' (STIXNonUniIta.ttf) italic normal 400 normal>) = 11.335
LINE 1346: 2021-01-21 16:57:15,368 [DEBUG   ] findfont: score(<Font 'cmex10' (cmex10.ttf) normal normal 400 normal>) = 10.335
LINE 1346: 2021-01-21 16:57:15,368 [DEBUG   ] findfont: score(<Font 'STIXSizeFourSym' (STIXSizFourSymBol.ttf) normal normal 700 normal>) = 10.05
LINE 1346: 2021-01-21 16:57:15,368 [DEBUG   ] findfont: score(<Font 'DejaVu Sans' (DejaVuSans-Bold.ttf) normal normal 700 normal>) = 4.05
LINE 1346: 2021-01-21 16:57:15,368 [DEBUG   ] findfont: score(<Font 'STIXSizeFourSym' (STIXSizFourSymReg.ttf) normal normal 400 normal>) = 10.335
LINE 1346: 2021-01-21 16:57:15,368 [DEBUG   ] findfont: score(<Font 'cmss10' (cmss10.ttf) normal normal 400 normal>) = 10.335
LINE 1346: 2021-01-21 16:57:15,368 [DEBUG   ] findfont: score(<Font 'cmr10' (cmr10.ttf) normal normal 400 normal>) = 10.335
LINE 1346: 2021-01-21 16:57:15,368 [DEBUG   ] findfont: score(<Font 'STIXSizeFiveSym' (STIXSizFiveSymReg.ttf) normal normal 400 normal>) = 10.335
LINE 1346: 2021-01-21 16:57:15,368 [DEBUG   ] findfont: score(<Font 'STIXNonUnicode' (STIXNonUni.ttf) normal normal 400 normal>) = 10.335
LINE 1346: 2021-01-21 16:57:15,368 [DEBUG   ] findfont: score(<Font 'STIXSizeThreeSym' (STIXSizThreeSymReg.ttf) normal normal 400 normal>) = 10.335
LINE 1346: 2021-01-21 16:57:15,368 [DEBUG   ] findfont: score(<Font 'DejaVu Serif Display' (DejaVuSerifDisplay.ttf) normal normal 400 normal>) = 10.335
LINE 1346: 2021-01-21 16:57:15,369 [DEBUG   ] findfont: score(<Font 'STIXGeneral' (STIXGeneralBol.ttf) normal normal 700 normal>) = 10.05
LINE 1346: 2021-01-21 16:57:15,369 [DEBUG   ] findfont: score(<Font 'Gurmukhi Sangam MN' (Gurmukhi Sangam MN.ttc) normal normal 400 normal>) = 10.335
LINE 1346: 2021-01-21 16:57:15,369 [DEBUG   ] findfont: score(<Font 'STIXGeneral' (STIXGeneralBol.otf) normal normal 700 normal>) = 10.05
LINE 1346: 2021-01-21 16:57:15,369 [DEBUG   ] findfont: score(<Font 'Farah' (Farah.ttc) normal normal 400 normal>) = 10.335
LINE 1346: 2021-01-21 16:57:15,369 [DEBUG   ] findfont: score(<Font 'Bodoni 72 Oldstyle' (Bodoni 72 OS.ttc) normal normal 400 normal>) = 10.335
LINE 1346: 2021-01-21 16:57:15,369 [DEBUG   ] findfont: score(<Font 'Hiragino Sans' (ヒラギノ角ゴシック W1.ttc) normal normal 200 normal>) = 10.525
LINE 1346: 2021-01-21 16:57:15,369 [DEBUG   ] findfont: score(<Font 'Seravek' (Seravek.ttc) normal normal 400 normal>) = 10.335
LINE 1346: 2021-01-21 16:57:15,369 [DEBUG   ] findfont: score(<Font 'Mishafi Gold' (Mishafi Gold.ttf) normal normal 400 normal>) = 10.335
LINE 1346: 2021-01-21 16:57:15,369 [DEBUG   ] findfont: score(<Font 'Menlo' (Menlo.ttc) normal normal 400 normal>) = 10.335
LINE 1346: 2021-01-21 16:57:15,369 [DEBUG   ] findfont: score(<Font 'Noto Sans Cham' (NotoSansCham-Regular.ttf) normal normal 400 normal>) = 10.335
LINE 1346: 2021-01-21 16:57:15,369 [DEBUG   ] findfont: score(<Font 'Athelas' (Athelas.ttc) normal normal 400 normal>) = 10.335
LINE 1346: 2021-01-21 16:57:15,369 [DEBUG   ] findfont: score(<Font 'Georgia' (Georgia Bold Italic.ttf) italic normal 700 normal>) = 11.05
LINE 1346: 2021-01-21 16:57:15,369 [DEBUG   ] findfont: score(<Font 'Noto Sans Osmanya' (NotoSansOsmanya-Regular.ttf) normal normal 400 normal>) = 10.335
LINE 1346: 2021-01-21 16:57:15,369 [DEBUG   ] findfont: score(<Font 'Source Code Pro' (SourceCodePro-BoldIt.ttf) italic normal 700 normal>) = 11.05
LINE 1346: 2021-01-21 16:57:15,369 [DEBUG   ] findfont: score(<Font 'Source Code Pro' (SourceCodePro-ExtraLightIt.ttf) italic normal 200 normal>) = 11.525
LINE 1346: 2021-01-21 16:57:15,369 [DEBUG   ] findfont: score(<Font 'Noto Sans Oriya' (NotoSansOriya.ttc) normal normal 400 normal>) = 10.335
LINE 1346: 2021-01-21 16:57:15,369 [DEBUG   ] findfont: score(<Font 'Apple Braille' (Apple Braille Outline 6 Dot.ttf) normal normal 400 normal>) = 10.335
LINE 1346: 2021-01-21 16:57:15,369 [DEBUG   ] findfont: score(<Font 'Gill Sans' (GillSans.ttc) normal normal 400 normal>) = 10.335
LINE 1346: 2021-01-21 16:57:15,369 [DEBUG   ] findfont: score(<Font 'Arial Hebrew' (ArialHB.ttc) normal normal 400 normal>) = 10.335
LINE 1346: 2021-01-21 16:57:15,369 [DEBUG   ] findfont: score(<Font 'Diwan Kufi' (Diwan Kufi.ttc) normal normal 400 normal>) = 10.335
LINE 1346: 2021-01-21 16:57:15,369 [DEBUG   ] findfont: score(<Font 'Gurmukhi MT' (Gurmukhi.ttf) normal normal 500 normal>) = 10.24
LINE 1346: 2021-01-21 16:57:15,370 [DEBUG   ] findfont: score(<Font 'STIXNonUnicode' (STIXNonUniBol.otf) normal normal 700 normal>) = 10.05
LINE 1346: 2021-01-21 16:57:15,370 [DEBUG   ] findfont: score(<Font 'Telugu Sangam MN' (Telugu Sangam MN.ttc) normal normal 400 normal>) = 10.335
LINE 1346: 2021-01-21 16:57:15,370 [DEBUG   ] findfont: score(<Font '.SF Compact Display' (SFCompactDisplay.ttf) normal normal 400 normal>) = 10.335
LINE 1346: 2021-01-21 16:57:15,370 [DEBUG   ] findfont: score(<Font 'InaiMathi' (InaiMathi-MN.ttc) normal normal 400 normal>) = 10.335
LINE 1346: 2021-01-21 16:57:15,370 [DEBUG   ] findfont: score(<Font 'Arial Narrow' (Arial Narrow.ttf) normal normal 400 condensed>) = 10.535
LINE 1346: 2021-01-21 16:57:15,370 [DEBUG   ] findfont: score(<Font 'Kannada Sangam MN' (Kannada Sangam MN.ttc) normal normal 400 normal>) = 10.335
LINE 1346: 2021-01-21 16:57:15,370 [DEBUG   ] findfont: score(<Font 'Noto Sans PhagsPa' (NotoSansPhagsPa-Regular.ttf) normal normal 400 normal>) = 10.335
LINE 1346: 2021-01-21 16:57:15,370 [DEBUG   ] findfont: score(<Font 'Telugu MN' (Telugu MN.ttc) normal normal 400 normal>) = 10.335
LINE 1346: 2021-01-21 16:57:15,370 [DEBUG   ] findfont: score(<Font 'Noto Sans Myanmar' (NotoSansMyanmar.ttc) normal normal 900 normal>) = 10.24
LINE 1346: 2021-01-21 16:57:15,370 [DEBUG   ] findfont: score(<Font 'Noto Sans Brahmi' (NotoSansBrahmi-Regular.ttf) normal normal 400 normal>) = 10.335
LINE 1346: 2021-01-21 16:57:15,370 [DEBUG   ] findfont: score(<Font 'Bodoni Ornaments' (Bodoni Ornaments.ttf) normal normal 400 normal>) = 10.335
LINE 1346: 2021-01-21 16:57:15,370 [DEBUG   ] findfont: score(<Font 'Noto Sans Cuneiform' (NotoSansCuneiform-Regular.ttf) normal normal 400 normal>) = 10.335
LINE 1346: 2021-01-21 16:57:15,370 [DEBUG   ] findfont: score(<Font 'Sinhala MN' (Sinhala MN.ttc) normal normal 400 normal>) = 10.335
LINE 1346: 2021-01-21 16:57:15,370 [DEBUG   ] findfont: score(<Font 'STIXSizeFiveSym' (STIXSizFiveSymReg.otf) normal normal 400 normal>) = 10.335
LINE 1346: 2021-01-21 16:57:15,370 [DEBUG   ] findfont: score(<Font 'Waseem' (Waseem.ttc) normal normal 400 normal>) = 10.335
LINE 1346: 2021-01-21 16:57:15,370 [DEBUG   ] findfont: score(<Font 'Noto Sans Ol Chiki' (NotoSansOlChiki-Regular.ttf) normal normal 400 normal>) = 10.335
LINE 1346: 2021-01-21 16:57:15,370 [DEBUG   ] findfont: score(<Font 'Hiragino Sans' (ヒラギノ角ゴシック W4.ttc) normal normal 400 normal>) = 10.335
LINE 1346: 2021-01-21 16:57:15,370 [DEBUG   ] findfont: score(<Font 'Luminari' (Luminari.ttf) normal normal 400 normal>) = 10.335
LINE 1346: 2021-01-21 16:57:15,370 [DEBUG   ] findfont: score(<Font 'Source Code Pro' (SourceCodePro-ExtraLight.ttf) normal normal 200 normal>) = 10.525
LINE 1346: 2021-01-21 16:57:15,370 [DEBUG   ] findfont: score(<Font 'Inconsolata' (Inconsolata-Regular.ttf) normal normal 400 normal>) = 10.335
LINE 1346: 2021-01-21 16:57:15,370 [DEBUG   ] findfont: score(<Font '.Keyboard' (Keyboard.ttf) normal normal 100 normal>) = 10.62
LINE 1346: 2021-01-21 16:57:15,370 [DEBUG   ] findfont: score(<Font 'Noto Sans Linear B' (NotoSansLinearB-Regular.ttf) normal normal 400 normal>) = 10.335
LINE 1346: 2021-01-21 16:57:15,371 [DEBUG   ] findfont: score(<Font 'Verdana' (Verdana Italic.ttf) italic normal 400 normal>) = 11.335
LINE 1346: 2021-01-21 16:57:15,371 [DEBUG   ] findfont: score(<Font '.SF Compact Text' (SFCompactTextItalic.ttf) italic normal 400 normal>) = 11.335
LINE 1346: 2021-01-21 16:57:15,371 [DEBUG   ] findfont: score(<Font 'Noto Sans Gothic' (NotoSansGothic-Regular.ttf) normal normal 400 normal>) = 10.335
LINE 1346: 2021-01-21 16:57:15,371 [DEBUG   ] findfont: score(<Font 'Shree Devanagari 714' (Shree714.ttc) normal normal 400 normal>) = 10.335
LINE 1346: 2021-01-21 16:57:15,371 [DEBUG   ] findfont: score(<Font 'Noto Sans Old Italic' (NotoSansOldItalic-Regular.ttf) italic normal 400 normal>) = 11.335
LINE 1346: 2021-01-21 16:57:15,371 [DEBUG   ] findfont: score(<Font 'Farisi' (Farisi.ttf) normal normal 400 normal>) = 10.335
LINE 1346: 2021-01-21 16:57:15,371 [DEBUG   ] findfont: score(<Font 'Ubuntu' (Ubuntu-MI.ttf) italic normal 500 normal>) = 11.24
LINE 1346: 2021-01-21 16:57:15,371 [DEBUG   ] findfont: score(<Font 'Arial Unicode MS' (Arial Unicode.ttf) normal normal 400 normal>) = 10.335
LINE 1346: 2021-01-21 16:57:15,371 [DEBUG   ] findfont: score(<Font 'American Typewriter' (AmericanTypewriter.ttc) normal normal 400 normal>) = 10.335
LINE 1346: 2021-01-21 16:57:15,371 [DEBUG   ] findfont: score(<Font 'Hiragino Sans' (ヒラギノ角ゴシック W9.ttc) normal normal 900 normal>) = 10.24
LINE 1346: 2021-01-21 16:57:15,371 [DEBUG   ] findfont: score(<Font 'AppleMyungjo' (AppleMyungjo.ttf) normal normal 400 normal>) = 10.335
LINE 1346: 2021-01-21 16:57:15,371 [DEBUG   ] findfont: score(<Font 'Georgia' (Georgia Italic.ttf) italic normal 400 normal>) = 11.335
LINE 1346: 2021-01-21 16:57:15,371 [DEBUG   ] findfont: score(<Font 'PT Mono' (PTMono.ttc) normal normal 700 normal>) = 10.05
LINE 1346: 2021-01-21 16:57:15,371 [DEBUG   ] findfont: score(<Font 'Noto Sans Samaritan' (NotoSansSamaritan-Regular.ttf) normal normal 400 normal>) = 10.335
LINE 1346: 2021-01-21 16:57:15,371 [DEBUG   ] findfont: score(<Font 'Papyrus' (Papyrus.ttc) normal normal 400 condensed>) = 10.535
LINE 1346: 2021-01-21 16:57:15,371 [DEBUG   ] findfont: score(<Font 'Hiragino Sans' (ヒラギノ角ゴシック W5.ttc) normal normal 500 normal>) = 10.24
LINE 1346: 2021-01-21 16:57:15,371 [DEBUG   ] findfont: score(<Font 'Noto Sans New Tai Lue' (NotoSansNewTaiLue-Regular.ttf) normal normal 400 normal>) = 10.335
LINE 1346: 2021-01-21 16:57:15,371 [DEBUG   ] findfont: score(<Font 'STIXSizeThreeSym' (STIXSizThreeSymBol.otf) normal normal 700 normal>) = 10.05
LINE 1346: 2021-01-21 16:57:15,371 [DEBUG   ] findfont: score(<Font 'Noto Sans Kayah Li' (NotoSansKayahLi-Regular.ttf) normal normal 400 normal>) = 10.335
LINE 1346: 2021-01-21 16:57:15,372 [DEBUG   ] findfont: score(<Font 'Noto Sans Chakma' (NotoSansChakma-Regular.ttf) normal normal 400 normal>) = 10.335
LINE 1346: 2021-01-21 16:57:15,372 [DEBUG   ] findfont: score(<Font 'Arial' (Arial.ttf) normal normal 400 normal>) = 0.33499999999999996
LINE 1346: 2021-01-21 16:57:15,372 [DEBUG   ] findfont: score(<Font 'Noto Sans Lydian' (NotoSansLydian-Regular.ttf) normal normal 400 normal>) = 10.335
LINE 1346: 2021-01-21 16:57:15,372 [DEBUG   ] findfont: score(<Font 'Kohinoor Devanagari' (Kohinoor.ttc) normal normal 400 normal>) = 10.335
LINE 1346: 2021-01-21 16:57:15,372 [DEBUG   ] findfont: score(<Font 'Noto Sans Phoenician' (NotoSansPhoenician-Regular.ttf) normal normal 400 normal>) = 10.335
LINE 1346: 2021-01-21 16:57:15,372 [DEBUG   ] findfont: score(<Font 'ITF Devanagari' (ITFDevanagari.ttc) normal normal 400 normal>) = 10.335
LINE 1346: 2021-01-21 16:57:15,372 [DEBUG   ] findfont: score(<Font 'Phosphate' (Phosphate.ttc) normal normal 400 normal>) = 10.335
LINE 1346: 2021-01-21 16:57:15,372 [DEBUG   ] findfont: score(<Font 'DecoType Naskh' (DecoTypeNaskh.ttc) normal normal 400 normal>) = 10.335
LINE 1346: 2021-01-21 16:57:15,372 [DEBUG   ] findfont: score(<Font 'Noto Sans Buginese' (NotoSansBuginese-Regular.ttf) normal normal 400 normal>) = 10.335
LINE 1346: 2021-01-21 16:57:15,372 [DEBUG   ] findfont: score(<Font 'Krungthep' (Krungthep.ttf) normal normal 400 normal>) = 10.335
LINE 1346: 2021-01-21 16:57:15,372 [DEBUG   ] findfont: score(<Font 'Brush Script MT' (Brush Script.ttf) italic normal 400 normal>) = 11.335
LINE 1346: 2021-01-21 16:57:15,372 [DEBUG   ] findfont: score(<Font 'Ayuthaya' (Ayuthaya.ttf) normal normal 400 normal>) = 10.335
LINE 1346: 2021-01-21 16:57:15,372 [DEBUG   ] findfont: score(<Font '.Aqua Kana' (AquaKana.ttc) normal normal 300 normal>) = 10.43
LINE 1346: 2021-01-21 16:57:15,372 [DEBUG   ] findfont: score(<Font 'Bodoni 72' (Bodoni 72.ttc) normal normal 400 normal>) = 10.335
LINE 1346: 2021-01-21 16:57:15,372 [DEBUG   ] findfont: score(<Font 'PT Sans' (PTSans.ttc) normal normal 400 normal>) = 10.335
LINE 1346: 2021-01-21 16:57:15,372 [DEBUG   ] findfont: score(<Font 'Diwan Thuluth' (Diwan Thuluth.ttf) normal normal 400 normal>) = 10.335
LINE 1346: 2021-01-21 16:57:15,372 [DEBUG   ] findfont: score(<Font 'Zapf Dingbats' (ZapfDingbats.ttf) normal normal 400 normal>) = 10.335
LINE 1346: 2021-01-21 16:57:15,372 [DEBUG   ] findfont: score(<Font '.SF NS Display Condensed' (SFNSDisplayCondensed-Black.otf) normal normal 900 condensed>) = 10.44
LINE 1346: 2021-01-21 16:57:15,372 [DEBUG   ] findfont: score(<Font 'Tahoma' (Tahoma Bold.ttf) normal normal 700 normal>) = 10.05
LINE 1346: 2021-01-21 16:57:15,373 [DEBUG   ] findfont: score(<Font 'Avenir Next Condensed' (Avenir Next Condensed.ttc) normal normal 700 condensed>) = 10.25
LINE 1346: 2021-01-21 16:57:15,373 [DEBUG   ] findfont: score(<Font 'Chalkboard SE' (ChalkboardSE.ttc) normal normal 400 normal>) = 10.335
LINE 1346: 2021-01-21 16:57:15,373 [DEBUG   ] findfont: score(<Font 'Source Code Pro' (SourceCodePro-BlackIt.ttf) italic normal 900 normal>) = 11.24
LINE 1346: 2021-01-21 16:57:15,373 [DEBUG   ] findfont: score(<Font 'Myanmar MN' (Myanmar MN.ttc) normal normal 400 normal>) = 10.335
LINE 1346: 2021-01-21 16:57:15,373 [DEBUG   ] findfont: score(<Font 'Malayalam MN' (Malayalam MN.ttc) normal normal 400 normal>) = 10.335
LINE 1346: 2021-01-21 16:57:15,373 [DEBUG   ] findfont: score(<Font 'Ubuntu' (Ubuntu-RI.ttf) italic normal 400 normal>) = 11.335
LINE 1346: 2021-01-21 16:57:15,373 [DEBUG   ] findfont: score(<Font 'Sinhala Sangam MN' (Sinhala Sangam MN.ttc) normal normal 400 normal>) = 10.335
LINE 1346: 2021-01-21 16:57:15,373 [DEBUG   ] findfont: score(<Font 'Sana' (Sana.ttc) normal normal 400 normal>) = 10.335
LINE 1346: 2021-01-21 16:57:15,373 [DEBUG   ] findfont: score(<Font 'STIXIntegralsUpSm' (STIXIntUpSmReg.otf) normal normal 400 normal>) = 10.335
LINE 1346: 2021-01-21 16:57:15,373 [DEBUG   ] findfont: score(<Font 'Noto Sans Yi' (NotoSansYi-Regular.ttf) normal normal 400 normal>) = 10.335
LINE 1346: 2021-01-21 16:57:15,373 [DEBUG   ] findfont: score(<Font 'Skia' (Skia.ttf) normal normal 5 normal>) = 10.71025
LINE 1346: 2021-01-21 16:57:15,373 [DEBUG   ] findfont: score(<Font 'Hiragino Sans' (ヒラギノ角ゴシック W6.ttc) normal normal 600 normal>) = 10.145
LINE 1346: 2021-01-21 16:57:15,373 [DEBUG   ] findfont: score(<Font 'AppleGothic' (AppleGothic.ttf) normal normal 400 normal>) = 10.335
LINE 1346: 2021-01-21 16:57:15,373 [DEBUG   ] findfont: score(<Font 'Times' (Times.ttc) normal normal 400 normal>) = 10.335
LINE 1346: 2021-01-21 16:57:15,373 [DEBUG   ] findfont: score(<Font 'Impact' (Impact.ttf) normal normal 400 normal>) = 10.335
LINE 1346: 2021-01-21 16:57:15,373 [DEBUG   ] findfont: score(<Font 'Optima' (Optima.ttc) normal normal 400 normal>) = 10.335
LINE 1346: 2021-01-21 16:57:15,373 [DEBUG   ] findfont: score(<Font 'Muna' (Muna.ttc) normal normal 400 normal>) = 10.335
LINE 1346: 2021-01-21 16:57:15,373 [DEBUG   ] findfont: score(<Font 'Ubuntu Mono' (UbuntuMono-B.ttf) normal normal 700 normal>) = 10.05
LINE 1346: 2021-01-21 16:57:15,373 [DEBUG   ] findfont: score(<Font 'Noto Sans Coptic' (NotoSansCoptic-Regular.ttf) normal normal 400 normal>) = 10.335
LINE 1346: 2021-01-21 16:57:15,373 [DEBUG   ] findfont: score(<Font 'Euphemia UCAS' (EuphemiaCAS.ttc) normal normal 400 normal>) = 10.335
LINE 1346: 2021-01-21 16:57:15,373 [DEBUG   ] findfont: score(<Font '.SF NS Rounded' (SFNSRounded.ttf) normal normal 400 normal>) = 10.335
LINE 1346: 2021-01-21 16:57:15,374 [DEBUG   ] findfont: score(<Font 'Source Code Pro' (SourceCodePro-Semibold.ttf) normal normal 600 normal>) = 10.145
LINE 1346: 2021-01-21 16:57:15,374 [DEBUG   ] findfont: score(<Font '.SF NS Display Condensed' (SFNSDisplayCondensed-Semibold.otf) normal normal 700 condensed>) = 10.25
LINE 1346: 2021-01-21 16:57:15,374 [DEBUG   ] findfont: score(<Font 'Source Code Pro' (SourceCodePro-Regular.ttf) normal normal 400 normal>) = 10.335
LINE 1346: 2021-01-21 16:57:15,374 [DEBUG   ] findfont: score(<Font 'STIXIntegralsSm' (STIXIntSmBol.otf) normal normal 700 normal>) = 10.05
LINE 1346: 2021-01-21 16:57:15,374 [DEBUG   ] findfont: score(<Font 'Wingdings 3' (Wingdings 3.ttf) normal normal 400 normal>) = 10.335
LINE 1346: 2021-01-21 16:57:15,374 [DEBUG   ] findfont: score(<Font 'Kokonor' (Kokonor.ttf) normal normal 400 normal>) = 10.335
LINE 1346: 2021-01-21 16:57:15,374 [DEBUG   ] findfont: score(<Font 'Source Code Pro' (SourceCodePro-MediumIt.ttf) italic normal 500 normal>) = 11.24
LINE 1346: 2021-01-21 16:57:15,374 [DEBUG   ] findfont: score(<Font 'Ubuntu Mono' (UbuntuMono-R.ttf) normal normal 400 normal>) = 10.335
LINE 1346: 2021-01-21 16:57:15,374 [DEBUG   ] findfont: score(<Font 'Songti SC' (Songti.ttc) normal normal 900 normal>) = 10.24
LINE 1346: 2021-01-21 16:57:15,374 [DEBUG   ] findfont: score(<Font 'STIXNonUnicode' (STIXNonUniIta.otf) italic normal 400 normal>) = 11.335
LINE 1346: 2021-01-21 16:57:15,374 [DEBUG   ] findfont: score(<Font 'Heiti TC' (STHeiti Light.ttc) normal normal 300 normal>) = 10.43
LINE 1346: 2021-01-21 16:57:15,374 [DEBUG   ] findfont: score(<Font 'Source Code Pro' (SourceCodePro-Black.ttf) normal normal 900 normal>) = 10.24
LINE 1346: 2021-01-21 16:57:15,374 [DEBUG   ] findfont: score(<Font 'STIXSizeOneSym' (STIXSizOneSymBol.otf) normal normal 700 normal>) = 10.05
LINE 1346: 2021-01-21 16:57:15,374 [DEBUG   ] findfont: score(<Font 'Beirut' (Beirut.ttc) normal normal 700 normal>) = 10.05
LINE 1346: 2021-01-21 16:57:15,374 [DEBUG   ] findfont: score(<Font 'Hiragino Mincho ProN' (ヒラギノ明朝 ProN.ttc) normal normal 300 normal>) = 10.43
LINE 1346: 2021-01-21 16:57:15,374 [DEBUG   ] findfont: score(<Font 'Arial' (Arial Bold.ttf) normal normal 700 normal>) = 0.05
LINE 1346: 2021-01-21 16:57:15,374 [DEBUG   ] findfont: score(<Font 'Rockwell' (Rockwell.ttc) normal normal 400 normal>) = 10.335
LINE 1346: 2021-01-21 16:57:15,374 [DEBUG   ] findfont: score(<Font 'Source Code Pro' (SourceCodePro-Medium.ttf) normal normal 500 normal>) = 10.24
LINE 1346: 2021-01-21 16:57:15,374 [DEBUG   ] findfont: score(<Font 'Arial Black' (Arial Black.ttf) normal normal 900 normal>) = 10.24
LINE 1346: 2021-01-21 16:57:15,374 [DEBUG   ] findfont: score(<Font 'Cochin' (Cochin.ttc) normal normal 500 normal>) = 10.24
LINE 1346: 2021-01-21 16:57:15,374 [DEBUG   ] findfont: score(<Font 'PT Serif' (PTSerif.ttc) normal normal 400 normal>) = 10.335
LINE 1346: 2021-01-21 16:57:15,375 [DEBUG   ] findfont: score(<Font 'Times New Roman' (Times New Roman Bold.ttf) normal normal 700 normal>) = 10.05
LINE 1346: 2021-01-21 16:57:15,375 [DEBUG   ] findfont: score(<Font 'Helvetica' (Helvetica.ttc) normal normal 400 normal>) = 2.335
LINE 1346: 2021-01-21 16:57:15,375 [DEBUG   ] findfont: score(<Font 'Hiragino Sans' (ヒラギノ角ゴシック W2.ttc) normal normal 250 normal>) = 10.4775
LINE 1346: 2021-01-21 16:57:15,375 [DEBUG   ] findfont: score(<Font 'Noto Sans Rejang' (NotoSansRejang-Regular.ttf) normal normal 400 normal>) = 10.335
LINE 1346: 2021-01-21 16:57:15,375 [DEBUG   ] findfont: score(<Font 'Arial Narrow' (Arial Narrow Italic.ttf) italic normal 400 condensed>) = 11.535
LINE 1346: 2021-01-21 16:57:15,375 [DEBUG   ] findfont: score(<Font 'SignPainter' (SignPainter.ttc) normal normal 400 normal>) = 10.335
LINE 1346: 2021-01-21 16:57:15,375 [DEBUG   ] findfont: score(<Font '.New York' (NewYorkItalic.ttf) italic normal 425 normal>) = 11.31125
LINE 1346: 2021-01-21 16:57:15,375 [DEBUG   ] findfont: score(<Font '.Arabic UI Display' (ArabicUIDisplay.ttc) normal normal 900 normal>) = 10.24
LINE 1346: 2021-01-21 16:57:15,375 [DEBUG   ] findfont: score(<Font 'Noto Sans Old Persian' (NotoSansOldPersian-Regular.ttf) normal normal 400 normal>) = 10.335
LINE 1346: 2021-01-21 16:57:15,375 [DEBUG   ] findfont: score(<Font '.SF NS Display Condensed' (SFNSDisplayCondensed-Thin.otf) normal normal 400 condensed>) = 10.535
LINE 1346: 2021-01-21 16:57:15,375 [DEBUG   ] findfont: score(<Font 'Heiti TC' (STHeiti Medium.ttc) normal normal 400 normal>) = 10.335
LINE 1346: 2021-01-21 16:57:15,375 [DEBUG   ] findfont: score(<Font 'Noto Sans Mandaic' (NotoSansMandaic-Regular.ttf) normal normal 400 normal>) = 10.335
LINE 1346: 2021-01-21 16:57:15,375 [DEBUG   ] findfont: score(<Font 'Big Caslon' (BigCaslon.ttf) normal normal 500 normal>) = 10.24
LINE 1346: 2021-01-21 16:57:15,375 [DEBUG   ] findfont: score(<Font 'Symbol' (Symbol.ttf) normal normal 400 normal>) = 10.335
LINE 1346: 2021-01-21 16:57:15,375 [DEBUG   ] findfont: score(<Font 'Noto Sans Tifinagh' (NotoSansTifinagh-Regular.ttf) normal normal 400 normal>) = 10.335
LINE 1346: 2021-01-21 16:57:15,375 [DEBUG   ] findfont: score(<Font 'Noto Sans Kannada' (NotoSansKannada.ttc) normal normal 900 normal>) = 10.24
LINE 1346: 2021-01-21 16:57:15,375 [DEBUG   ] findfont: score(<Font 'Courier New' (Courier New.ttf) normal normal 400 normal>) = 10.335
LINE 1346: 2021-01-21 16:57:15,375 [DEBUG   ] findfont: score(<Font 'System Font' (SFNS.ttf) normal normal 400 normal>) = 10.335
LINE 1346: 2021-01-21 16:57:15,375 [DEBUG   ] findfont: score(<Font 'Noto Sans Syloti Nagri' (NotoSansSylotiNagri-Regular.ttf) normal normal 400 normal>) = 10.335
LINE 1346: 2021-01-21 16:57:15,375 [DEBUG   ] findfont: score(<Font 'Sukhumvit Set' (SukhumvitSet.ttc) normal normal 250 normal>) = 10.4775
LINE 1346: 2021-01-21 16:57:15,375 [DEBUG   ] findfont: score(<Font 'STIXSizeOneSym' (STIXSizOneSymReg.otf) normal normal 400 normal>) = 10.335
LINE 1346: 2021-01-21 16:57:15,376 [DEBUG   ] findfont: score(<Font 'Gurmukhi MN' (Gurmukhi MN.ttc) normal normal 400 normal>) = 10.335
LINE 1346: 2021-01-21 16:57:15,376 [DEBUG   ] findfont: score(<Font 'Arial' (Arial Italic.ttf) italic normal 400 normal>) = 1.335
LINE 1346: 2021-01-21 16:57:15,376 [DEBUG   ] findfont: score(<Font 'Plantagenet Cherokee' (PlantagenetCherokee.ttf) normal normal 400 normal>) = 10.335
LINE 1346: 2021-01-21 16:57:15,376 [DEBUG   ] findfont: score(<Font 'Hiragino Maru Gothic Pro' (ヒラギノ丸ゴ ProN W4.ttc) normal normal 400 normal>) = 10.335
LINE 1346: 2021-01-21 16:57:15,376 [DEBUG   ] findfont: score(<Font 'Ubuntu' (Ubuntu-L.ttf) normal normal 300 normal>) = 10.43
LINE 1346: 2021-01-21 16:57:15,376 [DEBUG   ] findfont: score(<Font 'PingFang HK' (PingFang.ttc) normal normal 400 normal>) = 10.335
LINE 1346: 2021-01-21 16:57:15,376 [DEBUG   ] findfont: score(<Font 'Bangla MN' (Bangla MN.ttc) normal normal 400 normal>) = 10.335
LINE 1346: 2021-01-21 16:57:15,376 [DEBUG   ] findfont: score(<Font 'Noto Serif Balinese' (NotoSerifBalinese-Regular.ttf) normal normal 400 normal>) = 10.335
LINE 1346: 2021-01-21 16:57:15,376 [DEBUG   ] findfont: score(<Font 'Sathu' (Sathu.ttf) normal normal 400 normal>) = 10.335
LINE 1346: 2021-01-21 16:57:15,376 [DEBUG   ] findfont: score(<Font 'Kohinoor Telugu' (KohinoorTelugu.ttc) normal normal 400 normal>) = 10.335
LINE 1346: 2021-01-21 16:57:15,376 [DEBUG   ] findfont: score(<Font 'Lao MN' (Lao MN.ttc) normal normal 400 normal>) = 10.335
LINE 1346: 2021-01-21 16:57:15,376 [DEBUG   ] findfont: score(<Font 'Trebuchet MS' (Trebuchet MS Bold Italic.ttf) italic normal 700 normal>) = 11.05
LINE 1346: 2021-01-21 16:57:15,376 [DEBUG   ] findfont: score(<Font 'Times New Roman' (Times New Roman.ttf) normal normal 400 normal>) = 10.335
LINE 1346: 2021-01-21 16:57:15,376 [DEBUG   ] findfont: score(<Font '.SF NS Text Condensed' (SFNSTextCondensed-Medium.otf) normal normal 500 condensed>) = 10.44
LINE 1346: 2021-01-21 16:57:15,376 [DEBUG   ] findfont: score(<Font 'Noto Sans Tagalog' (NotoSansTagalog-Regular.ttf) normal normal 400 normal>) = 10.335
LINE 1346: 2021-01-21 16:57:15,376 [DEBUG   ] findfont: score(<Font 'Andale Mono' (Andale Mono.ttf) normal normal 400 normal>) = 10.335
LINE 1346: 2021-01-21 16:57:15,376 [DEBUG   ] findfont: score(<Font 'STIXSizeTwoSym' (STIXSizTwoSymReg.otf) normal normal 400 normal>) = 10.335
LINE 1346: 2021-01-21 16:57:15,376 [DEBUG   ] findfont: score(<Font 'Hoefler Text' (Hoefler Text Ornaments.ttf) normal normal 400 normal>) = 10.335
LINE 1346: 2021-01-21 16:57:15,376 [DEBUG   ] findfont: score(<Font 'Noto Nastaliq Urdu' (NotoNastaliq.ttc) normal normal 400 normal>) = 10.335
LINE 1346: 2021-01-21 16:57:15,376 [DEBUG   ] findfont: score(<Font 'Khmer MN' (Khmer MN.ttc) normal normal 400 normal>) = 10.335
LINE 1346: 2021-01-21 16:57:15,376 [DEBUG   ] findfont: score(<Font 'STIXGeneral' (STIXGeneralBolIta.otf) italic normal 700 normal>) = 11.05
LINE 1346: 2021-01-21 16:57:15,377 [DEBUG   ] findfont: score(<Font 'STIXSizeFourSym' (STIXSizFourSymBol.otf) normal normal 700 normal>) = 10.05
LINE 1346: 2021-01-21 16:57:15,377 [DEBUG   ] findfont: score(<Font 'Hiragino Sans' (ヒラギノ角ゴシック W0.ttc) normal normal 100 normal>) = 10.62
LINE 1346: 2021-01-21 16:57:15,377 [DEBUG   ] findfont: score(<Font '.SF NS Text Condensed' (SFNSTextCondensed-Light.otf) normal normal 300 condensed>) = 10.629999999999999
LINE 1346: 2021-01-21 16:57:15,377 [DEBUG   ] findfont: score(<Font 'Courier New' (Courier New Italic.ttf) italic normal 400 normal>) = 11.335
LINE 1346: 2021-01-21 16:57:15,377 [DEBUG   ] findfont: score(<Font 'STIXGeneral' (STIXGeneral.otf) normal normal 400 normal>) = 10.335
LINE 1346: 2021-01-21 16:57:15,377 [DEBUG   ] findfont: score(<Font 'Noto Sans Lisu' (NotoSansLisu-Regular.ttf) normal normal 400 normal>) = 10.335
LINE 1346: 2021-01-21 16:57:15,377 [DEBUG   ] findfont: score(<Font 'Noto Sans Old Turkic' (NotoSansOldTurkic-Regular.ttf) normal normal 400 normal>) = 10.335
LINE 1346: 2021-01-21 16:57:15,377 [DEBUG   ] findfont: score(<Font 'Verdana' (Verdana.ttf) normal normal 400 normal>) = 10.335
LINE 1346: 2021-01-21 16:57:15,377 [DEBUG   ] findfont: score(<Font 'Wingdings 2' (Wingdings 2.ttf) normal normal 400 normal>) = 10.335
LINE 1346: 2021-01-21 16:57:15,377 [DEBUG   ] findfont: score(<Font 'Noto Sans Runic' (NotoSansRunic-Regular.ttf) normal normal 400 normal>) = 10.335
LINE 1346: 2021-01-21 16:57:15,377 [DEBUG   ] findfont: score(<Font 'Thonburi' (Thonburi.ttc) normal normal 400 normal>) = 10.335
LINE 1346: 2021-01-21 16:57:15,377 [DEBUG   ] findfont: score(<Font 'KufiStandardGK' (KufiStandardGK.ttc) normal normal 400 normal>) = 10.335
LINE 1346: 2021-01-21 16:57:15,377 [DEBUG   ] findfont: score(<Font 'Lao Sangam MN' (Lao Sangam MN.ttf) normal normal 400 normal>) = 10.335
LINE 1346: 2021-01-21 16:57:15,377 [DEBUG   ] findfont: score(<Font 'Noto Sans Thaana' (NotoSansThaana-Regular.ttf) normal normal 400 normal>) = 10.335
LINE 1346: 2021-01-21 16:57:15,377 [DEBUG   ] findfont: score(<Font 'Noteworthy' (Noteworthy.ttc) normal normal 300 normal>) = 10.43
LINE 1346: 2021-01-21 16:57:15,377 [DEBUG   ] findfont: score(<Font '.SF NS Display Condensed' (SFNSDisplayCondensed-Medium.otf) normal normal 600 condensed>) = 10.344999999999999
LINE 1346: 2021-01-21 16:57:15,377 [DEBUG   ] findfont: score(<Font 'Noto Sans Tai Viet' (NotoSansTaiViet-Regular.ttf) normal normal 400 normal>) = 10.335
LINE 1346: 2021-01-21 16:57:15,377 [DEBUG   ] findfont: score(<Font 'STIXSizeThreeSym' (STIXSizThreeSymReg.otf) normal normal 400 normal>) = 10.335
LINE 1346: 2021-01-21 16:57:15,377 [DEBUG   ] findfont: score(<Font 'Noto Sans Mongolian' (NotoSansMongolian-Regular.ttf) normal normal 400 normal>) = 10.335
LINE 1346: 2021-01-21 16:57:15,377 [DEBUG   ] findfont: score(<Font 'Mukta Mahee' (MuktaMahee.ttc) normal normal 400 normal>) = 10.335
LINE 1346: 2021-01-21 16:57:15,377 [DEBUG   ] findfont: score(<Font 'Avenir' (Avenir.ttc) normal normal 400 normal>) = 10.335
LINE 1346: 2021-01-21 16:57:15,378 [DEBUG   ] findfont: score(<Font 'Noto Sans Inscriptional Pahlavi' (NotoSansInscriptionalPahlavi-Regular.ttf) normal normal 400 normal>) = 10.335
LINE 1346: 2021-01-21 16:57:15,378 [DEBUG   ] findfont: score(<Font 'Lucida Grande' (LucidaGrande.ttc) normal normal 500 normal>) = 10.24
LINE 1346: 2021-01-21 16:57:15,378 [DEBUG   ] findfont: score(<Font 'STIXIntegralsD' (STIXIntDBol.otf) normal normal 700 normal>) = 10.05
LINE 1346: 2021-01-21 16:57:15,378 [DEBUG   ] findfont: score(<Font 'Noto Sans Armenian' (NotoSansArmenian.ttc) normal normal 900 normal>) = 10.24
LINE 1346: 2021-01-21 16:57:15,378 [DEBUG   ] findfont: score(<Font 'Ubuntu Mono' (UbuntuMono-RI.ttf) italic normal 400 normal>) = 11.335
LINE 1346: 2021-01-21 16:57:15,378 [DEBUG   ] findfont: score(<Font 'Superclarendon' (SuperClarendon.ttc) normal normal 400 normal>) = 10.335
LINE 1346: 2021-01-21 16:57:15,378 [DEBUG   ] findfont: score(<Font 'Noto Sans Cypriot' (NotoSansCypriot-Regular.ttf) normal normal 400 normal>) = 10.335
LINE 1346: 2021-01-21 16:57:15,378 [DEBUG   ] findfont: score(<Font 'Noto Sans Egyptian Hieroglyphs' (NotoSansEgyptianHieroglyphs-Regular.ttf) normal normal 400 normal>) = 10.335
LINE 1346: 2021-01-21 16:57:15,378 [DEBUG   ] findfont: score(<Font 'DejaVu Sans' (DejaVuSans.ttf) normal normal 400 normal>) = 4.335
LINE 1346: 2021-01-21 16:57:15,378 [DEBUG   ] findfont: score(<Font '.SF NS Display Condensed' (SFNSDisplayCondensed-Light.otf) normal normal 500 condensed>) = 10.44
LINE 1346: 2021-01-21 16:57:15,378 [DEBUG   ] findfont: score(<Font 'Galvji' (Galvji.ttc) normal normal 400 normal>) = 10.335
LINE 1346: 2021-01-21 16:57:15,378 [DEBUG   ] findfont: score(<Font 'Copperplate' (Copperplate.ttc) normal normal 400 normal>) = 10.335
LINE 1346: 2021-01-21 16:57:15,378 [DEBUG   ] findfont: score(<Font 'Source Code Pro' (SourceCodePro-Light.ttf) normal normal 300 normal>) = 10.43
LINE 1346: 2021-01-21 16:57:15,378 [DEBUG   ] findfont: score(<Font 'Tamil Sangam MN' (Tamil Sangam MN.ttc) normal normal 400 normal>) = 10.335
LINE 1346: 2021-01-21 16:57:15,378 [DEBUG   ] findfont: score(<Font 'Ubuntu' (Ubuntu-LI.ttf) italic normal 300 normal>) = 11.43
LINE 1346: 2021-01-21 16:57:15,378 [DEBUG   ] findfont: score(<Font '.SF NS Display Condensed' (SFNSDisplayCondensed-Bold.otf) normal normal 800 condensed>) = 10.344999999999999
LINE 1346: 2021-01-21 16:57:15,378 [DEBUG   ] findfont: score(<Font 'Noto Sans Limbu' (NotoSansLimbu-Regular.ttf) normal normal 400 normal>) = 10.335
LINE 1346: 2021-01-21 16:57:15,378 [DEBUG   ] findfont: score(<Font 'Georgia' (Georgia Bold.ttf) normal normal 700 normal>) = 10.05
LINE 1346: 2021-01-21 16:57:15,378 [DEBUG   ] findfont: score(<Font '.SF NS Text Condensed' (SFNSTextCondensed-Semibold.otf) normal normal 600 condensed>) = 10.344999999999999
LINE 1346: 2021-01-21 16:57:15,378 [DEBUG   ] findfont: score(<Font 'Courier New' (Courier New Bold.ttf) normal normal 700 normal>) = 10.05
LINE 1346: 2021-01-21 16:57:15,379 [DEBUG   ] findfont: score(<Font 'Geeza Pro' (GeezaPro.ttc) normal normal 400 normal>) = 10.335
LINE 1346: 2021-01-21 16:57:15,379 [DEBUG   ] findfont: score(<Font 'Didot' (Didot.ttc) normal normal 400 normal>) = 10.335
LINE 1346: 2021-01-21 16:57:15,379 [DEBUG   ] findfont: score(<Font 'Ubuntu Condensed' (Ubuntu-C.ttf) normal normal 400 condensed>) = 10.535
LINE 1346: 2021-01-21 16:57:15,379 [DEBUG   ] findfont: score(<Font 'Kohinoor Bangla' (KohinoorBangla.ttc) normal normal 400 normal>) = 10.335
LINE 1346: 2021-01-21 16:57:15,379 [DEBUG   ] findfont: score(<Font 'Noto Sans Shavian' (NotoSansShavian-Regular.ttf) normal normal 400 normal>) = 10.335
LINE 1346: 2021-01-21 16:57:15,379 [DEBUG   ] findfont: score(<Font 'Source Code Pro' (SourceCodePro-SemiboldIt.ttf) italic normal 600 normal>) = 11.145
LINE 1346: 2021-01-21 16:57:15,379 [DEBUG   ] findfont: score(<Font 'Noto Sans Saurashtra' (NotoSansSaurashtra-Regular.ttf) normal normal 400 normal>) = 10.335
LINE 1346: 2021-01-21 16:57:15,379 [DEBUG   ] findfont: score(<Font 'Noto Sans Hanunoo' (NotoSansHanunoo-Regular.ttf) normal normal 400 normal>) = 10.335
LINE 1346: 2021-01-21 16:57:15,379 [DEBUG   ] findfont: score(<Font 'Kefa' (Kefa.ttc) normal normal 400 normal>) = 10.335
LINE 1346: 2021-01-21 16:57:15,379 [DEBUG   ] findfont: score(<Font 'Gujarati MT' (GujaratiMT.ttc) normal normal 400 normal>) = 10.335
LINE 1346: 2021-01-21 16:57:15,379 [DEBUG   ] findfont: score(<Font 'Arial Unicode MS' (Arial Unicode.ttf) normal normal 400 normal>) = 10.335
LINE 1346: 2021-01-21 16:57:15,379 [DEBUG   ] findfont: score(<Font 'Noto Serif Myanmar' (NotoSerifMyanmar.ttc) normal normal 900 normal>) = 10.24
LINE 1346: 2021-01-21 16:57:15,379 [DEBUG   ] findfont: score(<Font 'DIN Condensed' (DIN Condensed Bold.ttf) normal normal 700 condensed>) = 10.25
LINE 1346: 2021-01-21 16:57:15,379 [DEBUG   ] findfont: score(<Font 'Bodoni 72 Smallcaps' (Bodoni 72 Smallcaps Book.ttf) normal normal 400 normal>) = 10.335
LINE 1346: 2021-01-21 16:57:15,379 [DEBUG   ] findfont: score(<Font 'STIXIntegralsUpD' (STIXIntUpDBol.otf) normal normal 700 normal>) = 10.05
LINE 1346: 2021-01-21 16:57:15,379 [DEBUG   ] findfont: score(<Font 'Times New Roman' (Times New Roman Bold Italic.ttf) italic normal 700 normal>) = 11.05
LINE 1346: 2021-01-21 16:57:15,379 [DEBUG   ] findfont: score(<Font 'Trebuchet MS' (Trebuchet MS Italic.ttf) italic normal 400 normal>) = 11.335
LINE 1346: 2021-01-21 16:57:15,379 [DEBUG   ] findfont: score(<Font 'Damascus' (Damascus.ttc) normal normal 400 normal>) = 10.335
LINE 1346: 2021-01-21 16:57:15,379 [DEBUG   ] findfont: score(<Font 'Helvetica Neue' (HelveticaNeue.ttc) normal normal 400 normal>) = 10.335
LINE 1346: 2021-01-21 16:57:15,379 [DEBUG   ] findfont: score(<Font 'Bangla Sangam MN' (Bangla Sangam MN.ttc) normal normal 400 normal>) = 10.335
LINE 1346: 2021-01-21 16:57:15,379 [DEBUG   ] findfont: score(<Font '.SF NS Text Condensed' (SFNSTextCondensed-Regular.otf) normal normal 400 condensed>) = 10.535
LINE 1346: 2021-01-21 16:57:15,380 [DEBUG   ] findfont: score(<Font 'Noto Sans Kharoshthi' (NotoSansKharoshthi-Regular.ttf) normal normal 400 normal>) = 10.335
LINE 1346: 2021-01-21 16:57:15,380 [DEBUG   ] findfont: score(<Font 'Hiragino Sans' (ヒラギノ角ゴシック W8.ttc) normal normal 800 normal>) = 10.145
LINE 1346: 2021-01-21 16:57:15,380 [DEBUG   ] findfont: score(<Font 'Microsoft Sans Serif' (Microsoft Sans Serif.ttf) normal normal 400 normal>) = 10.335
LINE 1346: 2021-01-21 16:57:15,380 [DEBUG   ] findfont: score(<Font 'Noto Sans Kaithi' (NotoSansKaithi-Regular.ttf) normal normal 400 normal>) = 10.335
LINE 1346: 2021-01-21 16:57:15,380 [DEBUG   ] findfont: score(<Font 'Oriya Sangam MN' (Oriya Sangam MN.ttc) normal normal 400 normal>) = 10.335
LINE 1346: 2021-01-21 16:57:15,380 [DEBUG   ] findfont: score(<Font '.SF NS Text Condensed' (SFNSTextCondensed-Heavy.otf) normal normal 800 condensed>) = 10.344999999999999
LINE 1346: 2021-01-21 16:57:15,380 [DEBUG   ] findfont: score(<Font 'Noto Sans Ogham' (NotoSansOgham-Regular.ttf) normal normal 400 normal>) = 10.335
LINE 1346: 2021-01-21 16:57:15,380 [DEBUG   ] findfont: score(<Font 'Trebuchet MS' (Trebuchet MS.ttf) normal normal 400 normal>) = 10.335
LINE 1346: 2021-01-21 16:57:15,380 [DEBUG   ] findfont: score(<Font 'System Font' (SFNSItalic.ttf) italic normal 400 normal>) = 11.335
LINE 1346: 2021-01-21 16:57:15,380 [DEBUG   ] findfont: score(<Font 'Savoye LET' (Savoye LET.ttc) normal normal 400 normal>) = 10.335
LINE 1346: 2021-01-21 16:57:15,380 [DEBUG   ] findfont: score(<Font 'Apple Braille' (Apple Braille Pinpoint 6 Dot.ttf) normal normal 400 normal>) = 10.335
LINE 1346: 2021-01-21 16:57:15,380 [DEBUG   ] findfont: score(<Font 'Webdings' (Webdings.ttf) normal normal 400 normal>) = 10.335
LINE 1346: 2021-01-21 16:57:15,380 [DEBUG   ] findfont: score(<Font 'Mishafi' (Mishafi.ttf) normal normal 400 normal>) = 10.335
LINE 1346: 2021-01-21 16:57:15,380 [DEBUG   ] findfont: score(<Font 'Source Code Pro' (SourceCodePro-It.ttf) italic normal 400 normal>) = 11.335
LINE 1346: 2021-01-21 16:57:15,380 [DEBUG   ] findfont: score(<Font 'Baskerville' (Baskerville.ttc) normal normal 400 normal>) = 10.335
LINE 1346: 2021-01-21 16:57:15,380 [DEBUG   ] findfont: score(<Font 'Inconsolata' (Inconsolata-Bold.ttf) normal normal 700 normal>) = 10.05
LINE 1346: 2021-01-21 16:57:15,380 [DEBUG   ] findfont: score(<Font 'Noto Sans Avestan' (NotoSansAvestan-Regular.ttf) normal normal 400 normal>) = 10.335
LINE 1346: 2021-01-21 16:57:15,380 [DEBUG   ] findfont: score(<Font 'Hiragino Sans' (ヒラギノ角ゴシック W7.ttc) normal normal 700 normal>) = 10.05
LINE 1346: 2021-01-21 16:57:15,380 [DEBUG   ] findfont: score(<Font 'Herculanum' (Herculanum.ttf) normal normal 400 normal>) = 10.335
LINE 1346: 2021-01-21 16:57:15,380 [DEBUG   ] findfont: score(<Font 'STIXIntegralsUpSm' (STIXIntUpSmBol.otf) normal normal 700 normal>) = 10.05
LINE 1346: 2021-01-21 16:57:15,380 [DEBUG   ] findfont: score(<Font 'Apple Chancery' (Apple Chancery.ttf) normal normal 0 normal>) = 10.715
LINE 1346: 2021-01-21 16:57:15,381 [DEBUG   ] findfont: score(<Font '.SF Compact Rounded' (SFCompactRounded.ttf) normal normal 400 normal>) = 10.335
LINE 1346: 2021-01-21 16:57:15,381 [DEBUG   ] findfont: score(<Font 'STIXSizeFourSym' (STIXSizFourSymReg.otf) normal normal 400 normal>) = 10.335
LINE 1346: 2021-01-21 16:57:15,381 [DEBUG   ] findfont: score(<Font 'Trebuchet MS' (Trebuchet MS Bold.ttf) normal normal 700 normal>) = 10.05
LINE 1346: 2021-01-21 16:57:15,381 [DEBUG   ] findfont: score(<Font 'Courier New' (Courier New Bold Italic.ttf) italic normal 700 normal>) = 11.05
LINE 1346: 2021-01-21 16:57:15,381 [DEBUG   ] findfont: score(<Font '.SF NS Mono' (SFNSMono.ttf) normal normal 300 normal>) = 10.43
LINE 1346: 2021-01-21 16:57:15,381 [DEBUG   ] findfont: score(<Font 'Marion' (Marion.ttc) normal normal 400 normal>) = 10.335
LINE 1346: 2021-01-21 16:57:15,381 [DEBUG   ] findfont: score(<Font 'Ubuntu' (Ubuntu-R.ttf) normal normal 400 normal>) = 10.335
LINE 1346: 2021-01-21 16:57:15,381 [DEBUG   ] findfont: score(<Font 'Noto Sans Bamum' (NotoSansBamum-Regular.ttf) normal normal 400 normal>) = 10.335
LINE 1346: 2021-01-21 16:57:15,381 [DEBUG   ] findfont: score(<Font 'Apple SD Gothic Neo' (AppleSDGothicNeo.ttc) normal normal 400 normal>) = 10.335
LINE 1346: 2021-01-21 16:57:15,381 [DEBUG   ] findfont: score(<Font 'Raanana' (Raanana.ttc) normal normal 400 normal>) = 10.335
LINE 1346: 2021-01-21 16:57:15,381 [DEBUG   ] findfont: score(<Font 'Noto Sans Carian' (NotoSansCarian-Regular.ttf) normal normal 400 normal>) = 10.335
LINE 1346: 2021-01-21 16:57:15,381 [DEBUG   ] findfont: score(<Font 'Arial Narrow' (Arial Narrow Bold Italic.ttf) italic normal 700 condensed>) = 11.25
LINE 1346: 2021-01-21 16:57:15,381 [DEBUG   ] findfont: score(<Font 'Palatino' (Palatino.ttc) normal normal 400 normal>) = 10.335
LINE 1346: 2021-01-21 16:57:15,381 [DEBUG   ] findfont: score(<Font 'Source Code Pro' (SourceCodePro-Bold.ttf) normal normal 700 normal>) = 10.05
LINE 1346: 2021-01-21 16:57:15,381 [DEBUG   ] findfont: score(<Font 'Khmer Sangam MN' (Khmer Sangam MN.ttf) normal normal 400 normal>) = 10.335
LINE 1346: 2021-01-21 16:57:15,381 [DEBUG   ] findfont: score(<Font 'Times New Roman' (Times New Roman Italic.ttf) italic normal 400 normal>) = 11.335
LINE 1346: 2021-01-21 16:57:15,381 [DEBUG   ] findfont: score(<Font 'Hoefler Text' (Hoefler Text.ttc) normal normal 400 normal>) = 10.335
LINE 1346: 2021-01-21 16:57:15,381 [DEBUG   ] findfont: score(<Font 'Noto Sans Javanese' (NotoSansJavanese-Regular.otf) normal normal 400 normal>) = 10.335
LINE 1346: 2021-01-21 16:57:15,382 [DEBUG   ] findfont: score(<Font 'DIN Alternate' (DIN Alternate Bold.ttf) normal normal 700 normal>) = 10.05
LINE 1346: 2021-01-21 16:57:15,382 [DEBUG   ] findfont: score(<Font 'Kailasa' (Kailasa.ttc) normal normal 400 normal>) = 10.335
LINE 1346: 2021-01-21 16:57:15,382 [DEBUG   ] findfont: score(<Font 'STIXIntegralsSm' (STIXIntSmReg.otf) normal normal 400 normal>) = 10.335
LINE 1346: 2021-01-21 16:57:15,382 [DEBUG   ] findfont: score(<Font 'Oriya MN' (Oriya MN.ttc) normal normal 400 normal>) = 10.335
LINE 1346: 2021-01-21 16:57:15,382 [DEBUG   ] findfont: score(<Font 'STIXVariants' (STIXVar.otf) normal normal 400 normal>) = 10.335
LINE 1346: 2021-01-21 16:57:15,382 [DEBUG   ] findfont: score(<Font 'Ubuntu' (Ubuntu-BI.ttf) italic normal 700 normal>) = 11.05
LINE 1346: 2021-01-21 16:57:15,382 [DEBUG   ] findfont: score(<Font 'Verdana' (Verdana Bold.ttf) normal normal 700 normal>) = 10.05
LINE 1346: 2021-01-21 16:57:15,382 [DEBUG   ] findfont: score(<Font 'Noto Sans Ugaritic' (NotoSansUgaritic-Regular.ttf) normal normal 400 normal>) = 10.335
LINE 1346: 2021-01-21 16:57:15,382 [DEBUG   ] findfont: score(<Font '.SF NS Display Condensed' (SFNSDisplayCondensed-Heavy.otf) normal normal 800 condensed>) = 10.344999999999999
LINE 1346: 2021-01-21 16:57:15,382 [DEBUG   ] findfont: score(<Font 'Devanagari Sangam MN' (Devanagari Sangam MN.ttc) normal normal 400 normal>) = 10.335
LINE 1346: 2021-01-21 16:57:15,382 [DEBUG   ] findfont: score(<Font 'Comic Sans MS' (Comic Sans MS.ttf) normal normal 400 normal>) = 10.335
LINE 1346: 2021-01-21 16:57:15,382 [DEBUG   ] findfont: score(<Font 'Georgia' (Georgia.ttf) normal normal 400 normal>) = 10.335
LINE 1346: 2021-01-21 16:57:15,382 [DEBUG   ] findfont: score(<Font 'Apple Braille' (Apple Braille.ttf) normal normal 400 normal>) = 10.335
LINE 1346: 2021-01-21 16:57:15,382 [DEBUG   ] findfont: score(<Font 'Devanagari MT' (DevanagariMT.ttc) normal normal 400 normal>) = 10.335
LINE 1346: 2021-01-21 16:57:15,382 [DEBUG   ] findfont: score(<Font 'Iowan Old Style' (Iowan Old Style.ttc) normal normal 400 normal>) = 10.335
LINE 1346: 2021-01-21 16:57:15,382 [DEBUG   ] findfont: score(<Font 'Noto Sans Buhid' (NotoSansBuhid-Regular.ttf) normal normal 400 normal>) = 10.335
LINE 1346: 2021-01-21 16:57:15,382 [DEBUG   ] findfont: score(<Font 'Futura' (Futura.ttc) normal normal 500 normal>) = 10.24
LINE 1346: 2021-01-21 16:57:15,382 [DEBUG   ] findfont: score(<Font 'Hiragino Sans' (ヒラギノ角ゴシック W3.ttc) normal normal 300 normal>) = 10.43
LINE 1346: 2021-01-21 16:57:15,383 [DEBUG   ] findfont: score(<Font 'Noto Sans Glagolitic' (NotoSansGlagolitic-Regular.ttf) normal normal 400 normal>) = 10.335
LINE 1346: 2021-01-21 16:57:15,383 [DEBUG   ] findfont: score(<Font 'Baghdad' (Baghdad.ttc) normal normal 400 normal>) = 10.335
LINE 1346: 2021-01-21 16:57:15,383 [DEBUG   ] findfont: score(<Font 'Noto Sans Vai' (NotoSansVai-Regular.ttf) normal normal 400 normal>) = 10.335
LINE 1346: 2021-01-21 16:57:15,383 [DEBUG   ] findfont: score(<Font 'Comic Sans MS' (Comic Sans MS Bold.ttf) normal normal 700 normal>) = 10.05
LINE 1346: 2021-01-21 16:57:15,383 [DEBUG   ] findfont: score(<Font 'Avenir Next' (Avenir Next.ttc) normal normal 700 normal>) = 10.05
LINE 1346: 2021-01-21 16:57:15,383 [DEBUG   ] findfont: score(<Font 'Noto Sans Lycian' (NotoSansLycian-Regular.ttf) normal normal 400 normal>) = 10.335
LINE 1346: 2021-01-21 16:57:15,383 [DEBUG   ] findfont: score(<Font 'Malayalam Sangam MN' (Malayalam Sangam MN.ttc) normal normal 400 normal>) = 10.335
LINE 1346: 2021-01-21 16:57:15,383 [DEBUG   ] findfont: score(<Font 'Myanmar Sangam MN' (Myanmar Sangam MN.ttc) normal normal 400 normal>) = 10.335
LINE 1346: 2021-01-21 16:57:15,383 [DEBUG   ] findfont: score(<Font 'Gujarati Sangam MN' (Gujarati Sangam MN.ttc) normal normal 400 normal>) = 10.335
LINE 1346: 2021-01-21 16:57:15,383 [DEBUG   ] findfont: score(<Font 'Tahoma' (Tahoma.ttf) normal normal 400 normal>) = 10.335
LINE 1346: 2021-01-21 16:57:15,383 [DEBUG   ] findfont: score(<Font 'STIXGeneral' (STIXGeneralItalic.otf) italic normal 400 normal>) = 11.335
LINE 1346: 2021-01-21 16:57:15,383 [DEBUG   ] findfont: score(<Font 'Noto Sans Syriac' (NotoSansSyriac-Regular.ttf) normal normal 400 normal>) = 10.335
LINE 1346: 2021-01-21 16:57:15,383 [DEBUG   ] findfont: score(<Font '.SF NS Text Condensed' (SFNSTextCondensed-Bold.otf) normal normal 700 condensed>) = 10.25
LINE 1346: 2021-01-21 16:57:15,383 [DEBUG   ] findfont: score(<Font 'Apple Braille' (Apple Braille Outline 8 Dot.ttf) normal normal 400 normal>) = 10.335
LINE 1346: 2021-01-21 16:57:15,383 [DEBUG   ] findfont: score(<Font 'PT Serif Caption' (PTSerifCaption.ttc) normal normal 400 normal>) = 10.335
LINE 1346: 2021-01-21 16:57:15,384 [DEBUG   ] findfont: score(<Font 'Ubuntu Mono' (UbuntuMono-BI.ttf) italic normal 700 normal>) = 11.05
LINE 1346: 2021-01-21 16:57:15,384 [DEBUG   ] findfont: score(<Font 'Charter' (Charter.ttc) normal normal 400 normal>) = 10.335
LINE 1346: 2021-01-21 16:57:15,384 [DEBUG   ] findfont: score(<Font 'Wingdings' (Wingdings.ttf) normal normal 400 normal>) = 10.335
LINE 1346: 2021-01-21 16:57:15,384 [DEBUG   ] findfont: score(<Font 'Apple Braille' (Apple Braille Pinpoint 8 Dot.ttf) normal normal 400 normal>) = 10.335
LINE 1346: 2021-01-21 16:57:15,384 [DEBUG   ] findfont: score(<Font 'Apple Symbols' (Apple Symbols.ttf) normal normal 400 normal>) = 10.335
LINE 1346: 2021-01-21 16:57:15,384 [DEBUG   ] findfont: score(<Font 'Noto Sans Tagbanwa' (NotoSansTagbanwa-Regular.ttf) normal normal 400 normal>) = 10.335
LINE 1346: 2021-01-21 16:57:15,384 [DEBUG   ] findfont: score(<Font 'Al Nile' (Al Nile.ttc) normal normal 400 normal>) = 10.335
LINE 1346: 2021-01-21 16:57:15,384 [DEBUG   ] findfont: score(<Font 'STIXIntegralsUp' (STIXIntUpBol.otf) normal normal 700 normal>) = 10.05
LINE 1346: 2021-01-21 16:57:15,384 [DEBUG   ] findfont: score(<Font 'Kohinoor Gujarati' (KohinoorGujarati.ttc) normal normal 700 normal>) = 10.05
LINE 1346: 2021-01-21 16:57:15,384 [DEBUG   ] findfont: score(<Font 'Noto Sans Tai Le' (NotoSansTaiLe-Regular.ttf) normal normal 400 normal>) = 10.335
LINE 1346: 2021-01-21 16:57:15,384 [DEBUG   ] findfont: score(<Font 'STIXVariants' (STIXVarBol.otf) normal normal 700 normal>) = 10.05
LINE 1346: 2021-01-21 16:57:15,384 [DEBUG   ] findfont: score(<Font 'Silom' (Silom.ttf) normal normal 400 normal>) = 10.335
LINE 1346: 2021-01-21 16:57:15,384 [DEBUG   ] findfont: score(<Font 'Arial' (Arial Bold Italic.ttf) italic normal 700 normal>) = 1.05
LINE 1346: 2021-01-21 16:57:15,384 [DEBUG   ] findfont: score(<Font '.New York' (NewYork.ttf) normal normal 425 normal>) = 10.31125
LINE 1346: 2021-01-21 16:57:15,384 [DEBUG   ] findfont: score(<Font 'Arial Narrow' (Arial Narrow Bold.ttf) normal normal 700 condensed>) = 10.25
LINE 1346: 2021-01-21 16:57:15,384 [DEBUG   ] findfont: score(<Font 'Ubuntu' (Ubuntu-M.ttf) normal normal 500 normal>) = 10.24
LINE 1346: 2021-01-21 16:57:15,384 [DEBUG   ] findfont: score(<Font '.SF NS Mono' (SFNSMonoItalic.ttf) italic normal 300 normal>) = 11.43
LINE 1346: 2021-01-21 16:57:15,385 [DEBUG   ] findfont: score(<Font 'Verdana' (Verdana Bold Italic.ttf) italic normal 700 normal>) = 11.05
LINE 1346: 2021-01-21 16:57:15,385 [DEBUG   ] findfont: score(<Font 'Noto Sans Tai Tham' (NotoSansTaiTham-Regular.ttf) normal normal 400 normal>) = 10.335
LINE 1346: 2021-01-21 16:57:15,385 [DEBUG   ] findfont: score(<Font 'Trattatello' (Trattatello.ttf) normal normal 400 normal>) = 10.335
LINE 1346: 2021-01-21 16:57:15,385 [DEBUG   ] findfont: score(<Font 'Ubuntu' (Ubuntu-Th.ttf) normal normal 250 normal>) = 10.4775
LINE 1346: 2021-01-21 16:57:15,385 [DEBUG   ] findfont: score(<Font 'Chalkboard' (Chalkboard.ttc) normal normal 400 normal>) = 10.335
LINE 1346: 2021-01-21 16:57:15,385 [DEBUG   ] findfont: score(<Font 'Noto Sans Old South Arabian' (NotoSansOldSouthArabian-Regular.ttf) normal normal 400 normal>) = 10.335
LINE 1346: 2021-01-21 16:57:15,385 [DEBUG   ] findfont: score(<Font 'Noto Sans Batak' (NotoSansBatak-Regular.ttf) normal normal 400 normal>) = 10.335
LINE 1346: 2021-01-21 16:57:15,385 [DEBUG   ] findfont: score(<Font 'Hiragino Sans GB' (Hiragino Sans GB.ttc) normal normal 300 normal>) = 10.43
LINE 1346: 2021-01-21 16:57:15,385 [DEBUG   ] findfont: score(<Font 'STIXNonUnicode' (STIXNonUni.otf) normal normal 400 normal>) = 10.335
LINE 1346: 2021-01-21 16:57:15,385 [DEBUG   ] findfont: score(<Font 'STIXIntegralsUpD' (STIXIntUpDReg.otf) normal normal 400 normal>) = 10.335
LINE 1346: 2021-01-21 16:57:15,385 [DEBUG   ] findfont: score(<Font 'Al Bayan' (AlBayan.ttc) normal normal 400 normal>) = 10.335
LINE 1346: 2021-01-21 16:57:15,385 [DEBUG   ] findfont: score(<Font 'Noto Sans Meetei Mayek' (NotoSansMeeteiMayek-Regular.ttf) normal normal 400 normal>) = 10.335
LINE 1346: 2021-01-21 16:57:15,385 [DEBUG   ] findfont: score(<Font 'Zapfino' (Zapfino.ttf) normal normal 400 normal>) = 10.335
LINE 1346: 2021-01-21 16:57:15,385 [DEBUG   ] findfont: score(<Font 'Noto Sans NKo' (NotoSansNKo-Regular.ttf) normal normal 400 normal>) = 10.335
LINE 1346: 2021-01-21 16:57:15,385 [DEBUG   ] findfont: score(<Font 'Al Tarikh' (Al Tarikh.ttc) normal normal 400 normal>) = 10.335
LINE 1346: 2021-01-21 16:57:15,385 [DEBUG   ] findfont: score(<Font 'Ubuntu' (Ubuntu-B.ttf) normal normal 700 normal>) = 10.05
LINE 1346: 2021-01-21 16:57:15,385 [DEBUG   ] findfont: score(<Font 'Bradley Hand' (Bradley Hand Bold.ttf) normal normal 700 normal>) = 10.05
LINE 1346: 2021-01-21 16:57:15,385 [DEBUG   ] findfont: score(<Font 'Source Code Pro' (SourceCodePro-LightIt.ttf) italic normal 300 normal>) = 11.43
LINE 1346: 2021-01-21 16:57:15,385 [DEBUG   ] findfont: score(<Font 'Snell Roundhand' (SnellRoundhand.ttc) normal normal 500 normal>) = 10.24
LINE 1346: 2021-01-21 16:57:15,385 [DEBUG   ] findfont: score(<Font 'Noto Sans Lepcha' (NotoSansLepcha-Regular.ttf) normal normal 400 normal>) = 10.335
LINE 1346: 2021-01-21 16:57:15,385 [DEBUG   ] findfont: score(<Font 'Tamil MN' (Tamil MN.ttc) normal normal 400 normal>) = 10.335
LINE 1346: 2021-01-21 16:57:15,386 [DEBUG   ] findfont: score(<Font '.SF NS Display Condensed' (SFNSDisplayCondensed-Regular.otf) normal normal 600 condensed>) = 10.344999999999999
LINE 1346: 2021-01-21 16:57:15,386 [DEBUG   ] findfont: score(<Font 'STIXIntegralsUp' (STIXIntUpReg.otf) normal normal 400 normal>) = 10.335
LINE 1346: 2021-01-21 16:57:15,386 [DEBUG   ] findfont: score(<Font 'STIXSizeTwoSym' (STIXSizTwoSymBol.otf) normal normal 700 normal>) = 10.05
LINE 1346: 2021-01-21 16:57:15,386 [DEBUG   ] findfont: score(<Font 'Nadeem' (Nadeem.ttc) normal normal 400 normal>) = 10.335
LINE 1346: 2021-01-21 16:57:15,386 [DEBUG   ] findfont: score(<Font 'Corsiva Hebrew' (Corsiva.ttc) normal normal 400 normal>) = 10.335
LINE 1346: 2021-01-21 16:57:15,386 [DEBUG   ] findfont: score(<Font 'Mshtakan' (Mshtakan.ttc) normal normal 400 normal>) = 10.335
LINE 1346: 2021-01-21 16:57:15,386 [DEBUG   ] findfont: score(<Font 'New Peninim MT' (NewPeninimMT.ttc) normal normal 400 normal>) = 10.335
LINE 1346: 2021-01-21 16:57:15,386 [DEBUG   ] findfont: score(<Font '.SF NS Display Condensed' (SFNSDisplayCondensed-Ultralight.otf) normal normal 400 condensed>) = 10.535
LINE 1346: 2021-01-21 16:57:15,386 [DEBUG   ] findfont: score(<Font 'Noto Sans Imperial Aramaic' (NotoSansImperialAramaic-Regular.ttf) normal normal 400 normal>) = 10.335
LINE 1346: 2021-01-21 16:57:15,386 [DEBUG   ] findfont: score(<Font 'STIXNonUnicode' (STIXNonUniBolIta.otf) italic normal 700 normal>) = 11.05
LINE 1346: 2021-01-21 16:57:15,386 [DEBUG   ] findfont: score(<Font 'Chalkduster' (Chalkduster.ttf) normal normal 400 normal>) = 10.335
LINE 1346: 2021-01-21 16:57:15,386 [DEBUG   ] findfont: score(<Font '.Arabic UI Text' (ArabicUIText.ttc) normal normal 400 normal>) = 10.335
LINE 1346: 2021-01-21 16:57:15,386 [DEBUG   ] findfont: score(<Font 'Arial Rounded MT Bold' (Arial Rounded Bold.ttf) normal normal 400 normal>) = 10.335
LINE 1346: 2021-01-21 16:57:15,386 [DEBUG   ] findfont: score(<Font '.Helvetica Neue DeskInterface' (HelveticaNeueDeskInterface.ttc) normal normal 400 normal>) = 10.335
LINE 1346: 2021-01-21 16:57:15,386 [DEBUG   ] findfont: score(<Font 'STIXIntegralsD' (STIXIntDReg.otf) normal normal 400 normal>) = 10.335
LINE 1346: 2021-01-21 16:57:15,386 [DEBUG   ] findfont: score(<Font 'Noto Sans Sundanese' (NotoSansSundanese-Regular.ttf) normal normal 400 normal>) = 10.335
LINE 1346: 2021-01-21 16:57:15,386 [DEBUG   ] findfont: score(<Font 'Marker Felt' (MarkerFelt.ttc) normal normal 400 normal>) = 10.335
LINE 1346: 2021-01-21 16:57:15,386 [DEBUG   ] findfont: score(<Font 'Noto Sans Inscriptional Parthian' (NotoSansInscriptionalParthian-Regular.ttf) normal normal 400 normal>) = 10.335
LINE 1346: 2021-01-21 16:57:15,386 [DEBUG   ] findfont: score(<Font '.SF Compact Text' (SFCompactText.ttf) normal normal 400 normal>) = 10.335
LINE 1346: 2021-01-21 16:57:15,386 [DEBUG   ] findfont: score(<Font 'Kannada MN' (Kannada MN.ttc) normal normal 400 normal>) = 10.335
LINE 1367: 2021-01-21 16:57:15,386 [DEBUG   ] findfont: Matching sans\-serif:style=normal:variant=normal:weight=bold:stretch=normal:size=16.0 to Arial ('/System/Library/Fonts/Supplemental/Arial Bold.ttf') with score of 0.050000.
LINE 2646: 2021-01-21 16:57:15,393 [DEBUG   ] top of axes not in the figure, so title not moved
LINE 2646: 2021-01-21 16:57:15,400 [DEBUG   ] top of axes not in the figure, so title not moved
LINE 2646: 2021-01-21 16:57:15,405 [DEBUG   ] top of axes not in the figure, so title not moved
LINE 2646: 2021-01-21 16:57:15,433 [DEBUG   ] top of axes not in the figure, so title not moved
LINE 2646: 2021-01-21 16:57:15,439 [DEBUG   ] top of axes not in the figure, so title not moved
LINE 2646: 2021-01-21 16:57:15,444 [DEBUG   ] top of axes not in the figure, so title not moved
LINE 2646: 2021-01-21 16:57:15,454 [DEBUG   ] top of axes not in the figure, so title not moved
LINE 763 : 2021-01-21 16:57:15,461 [DEBUG   ] Assigning font /b'F1' = '/System/Library/Fonts/Supplemental/Arial.ttf'
LINE 2646: 2021-01-21 16:57:15,472 [DEBUG   ] top of axes not in the figure, so title not moved
LINE 2646: 2021-01-21 16:57:15,481 [DEBUG   ] top of axes not in the figure, so title not moved
LINE 763 : 2021-01-21 16:57:15,515 [DEBUG   ] Assigning font /b'F2' = '/System/Library/Fonts/Supplemental/Arial Bold.ttf'
LINE 805 : 2021-01-21 16:57:15,518 [DEBUG   ] Embedding font /System/Library/Fonts/Supplemental/Arial Bold.ttf.
LINE 812 : 2021-01-21 16:57:15,518 [DEBUG   ] Writing TrueType font.
LINE 805 : 2021-01-21 16:57:15,546 [DEBUG   ] Embedding font /System/Library/Fonts/Supplemental/Arial.ttf.
LINE 812 : 2021-01-21 16:57:15,546 [DEBUG   ] Writing TrueType font.
LINE 2646: 2021-01-21 16:57:15,644 [DEBUG   ] top of axes not in the figure, so title not moved
LINE 2646: 2021-01-21 16:57:15,668 [DEBUG   ] top of axes not in the figure, so title not moved
LINE 2646: 2021-01-21 16:57:15,682 [DEBUG   ] top of axes not in the figure, so title not moved
LINE 2646: 2021-01-21 16:57:15,719 [DEBUG   ] top of axes not in the figure, so title not moved
LINE 2646: 2021-01-21 16:57:15,725 [DEBUG   ] top of axes not in the figure, so title not moved
LINE 2646: 2021-01-21 16:57:15,731 [DEBUG   ] top of axes not in the figure, so title not moved
LINE 2646: 2021-01-21 16:57:15,758 [DEBUG   ] top of axes not in the figure, so title not moved
LINE 2646: 2021-01-21 16:57:15,764 [DEBUG   ] top of axes not in the figure, so title not moved
LINE 2646: 2021-01-21 16:57:15,769 [DEBUG   ] top of axes not in the figure, so title not moved
LINE 2646: 2021-01-21 16:57:15,779 [DEBUG   ] top of axes not in the figure, so title not moved
LINE 763 : 2021-01-21 16:57:15,786 [DEBUG   ] Assigning font /b'F1' = '/System/Library/Fonts/Supplemental/Arial.ttf'
LINE 2646: 2021-01-21 16:57:15,796 [DEBUG   ] top of axes not in the figure, so title not moved
LINE 2646: 2021-01-21 16:57:15,806 [DEBUG   ] top of axes not in the figure, so title not moved
LINE 763 : 2021-01-21 16:57:15,843 [DEBUG   ] Assigning font /b'F2' = '/System/Library/Fonts/Supplemental/Arial Bold.ttf'
LINE 805 : 2021-01-21 16:57:15,843 [DEBUG   ] Embedding font /System/Library/Fonts/Supplemental/Arial Bold.ttf.
LINE 812 : 2021-01-21 16:57:15,843 [DEBUG   ] Writing TrueType font.
LINE 805 : 2021-01-21 16:57:15,872 [DEBUG   ] Embedding font /System/Library/Fonts/Supplemental/Arial.ttf.
LINE 812 : 2021-01-21 16:57:15,872 [DEBUG   ] Writing TrueType font.
LINE 2646: 2021-01-21 16:57:15,968 [DEBUG   ] top of axes not in the figure, so title not moved
LINE 2646: 2021-01-21 16:57:15,988 [DEBUG   ] top of axes not in the figure, so title not moved
LINE 2646: 2021-01-21 16:57:16,003 [DEBUG   ] top of axes not in the figure, so title not moved
LINE 2646: 2021-01-21 16:57:16,040 [DEBUG   ] top of axes not in the figure, so title not moved
LINE 2646: 2021-01-21 16:57:16,046 [DEBUG   ] top of axes not in the figure, so title not moved
LINE 2646: 2021-01-21 16:57:16,052 [DEBUG   ] top of axes not in the figure, so title not moved
LINE 2646: 2021-01-21 16:57:16,082 [DEBUG   ] top of axes not in the figure, so title not moved
LINE 2646: 2021-01-21 16:57:16,088 [DEBUG   ] top of axes not in the figure, so title not moved
LINE 2646: 2021-01-21 16:57:16,093 [DEBUG   ] top of axes not in the figure, so title not moved
LINE 2646: 2021-01-21 16:57:16,103 [DEBUG   ] top of axes not in the figure, so title not moved
LINE 763 : 2021-01-21 16:57:16,109 [DEBUG   ] Assigning font /b'F1' = '/System/Library/Fonts/Supplemental/Arial.ttf'
LINE 2646: 2021-01-21 16:57:16,118 [DEBUG   ] top of axes not in the figure, so title not moved
LINE 2646: 2021-01-21 16:57:16,127 [DEBUG   ] top of axes not in the figure, so title not moved
LINE 763 : 2021-01-21 16:57:16,163 [DEBUG   ] Assigning font /b'F2' = '/System/Library/Fonts/Supplemental/Arial Bold.ttf'
LINE 805 : 2021-01-21 16:57:16,163 [DEBUG   ] Embedding font /System/Library/Fonts/Supplemental/Arial Bold.ttf.
LINE 812 : 2021-01-21 16:57:16,163 [DEBUG   ] Writing TrueType font.
LINE 805 : 2021-01-21 16:57:16,192 [DEBUG   ] Embedding font /System/Library/Fonts/Supplemental/Arial.ttf.
LINE 812 : 2021-01-21 16:57:16,192 [DEBUG   ] Writing TrueType font.
LINE 2646: 2021-01-21 16:57:16,292 [DEBUG   ] top of axes not in the figure, so title not moved
LINE 2646: 2021-01-21 16:57:16,400 [DEBUG   ] top of axes not in the figure, so title not moved
LINE 2646: 2021-01-21 16:57:16,418 [DEBUG   ] top of axes not in the figure, so title not moved
LINE 2646: 2021-01-21 16:57:16,457 [DEBUG   ] top of axes not in the figure, so title not moved
LINE 2646: 2021-01-21 16:57:16,464 [DEBUG   ] top of axes not in the figure, so title not moved
LINE 2646: 2021-01-21 16:57:16,470 [DEBUG   ] top of axes not in the figure, so title not moved
LINE 2646: 2021-01-21 16:57:16,496 [DEBUG   ] top of axes not in the figure, so title not moved
LINE 2646: 2021-01-21 16:57:16,502 [DEBUG   ] top of axes not in the figure, so title not moved
LINE 2646: 2021-01-21 16:57:16,507 [DEBUG   ] top of axes not in the figure, so title not moved
LINE 2646: 2021-01-21 16:57:16,518 [DEBUG   ] top of axes not in the figure, so title not moved
LINE 763 : 2021-01-21 16:57:16,523 [DEBUG   ] Assigning font /b'F1' = '/System/Library/Fonts/Supplemental/Arial.ttf'
LINE 2646: 2021-01-21 16:57:16,532 [DEBUG   ] top of axes not in the figure, so title not moved
LINE 2646: 2021-01-21 16:57:16,542 [DEBUG   ] top of axes not in the figure, so title not moved
LINE 763 : 2021-01-21 16:57:16,576 [DEBUG   ] Assigning font /b'F2' = '/System/Library/Fonts/Supplemental/Arial Bold.ttf'
LINE 805 : 2021-01-21 16:57:16,576 [DEBUG   ] Embedding font /System/Library/Fonts/Supplemental/Arial Bold.ttf.
LINE 812 : 2021-01-21 16:57:16,576 [DEBUG   ] Writing TrueType font.
LINE 805 : 2021-01-21 16:57:16,604 [DEBUG   ] Embedding font /System/Library/Fonts/Supplemental/Arial.ttf.
LINE 812 : 2021-01-21 16:57:16,604 [DEBUG   ] Writing TrueType font.
LINE 2646: 2021-01-21 16:57:16,701 [DEBUG   ] top of axes not in the figure, so title not moved
LINE 2646: 2021-01-21 16:57:16,723 [DEBUG   ] top of axes not in the figure, so title not moved
LINE 2646: 2021-01-21 16:57:16,739 [DEBUG   ] top of axes not in the figure, so title not moved
LINE 2646: 2021-01-21 16:57:16,779 [DEBUG   ] top of axes not in the figure, so title not moved
LINE 2646: 2021-01-21 16:57:16,785 [DEBUG   ] top of axes not in the figure, so title not moved
LINE 2646: 2021-01-21 16:57:16,791 [DEBUG   ] top of axes not in the figure, so title not moved
LINE 2646: 2021-01-21 16:57:16,817 [DEBUG   ] top of axes not in the figure, so title not moved
LINE 2646: 2021-01-21 16:57:16,823 [DEBUG   ] top of axes not in the figure, so title not moved
LINE 2646: 2021-01-21 16:57:16,828 [DEBUG   ] top of axes not in the figure, so title not moved
LINE 2646: 2021-01-21 16:57:16,838 [DEBUG   ] top of axes not in the figure, so title not moved
LINE 763 : 2021-01-21 16:57:16,845 [DEBUG   ] Assigning font /b'F1' = '/System/Library/Fonts/Supplemental/Arial.ttf'
LINE 2646: 2021-01-21 16:57:16,855 [DEBUG   ] top of axes not in the figure, so title not moved
LINE 2646: 2021-01-21 16:57:16,864 [DEBUG   ] top of axes not in the figure, so title not moved
LINE 763 : 2021-01-21 16:57:16,899 [DEBUG   ] Assigning font /b'F2' = '/System/Library/Fonts/Supplemental/Arial Bold.ttf'
LINE 805 : 2021-01-21 16:57:16,899 [DEBUG   ] Embedding font /System/Library/Fonts/Supplemental/Arial Bold.ttf.
LINE 812 : 2021-01-21 16:57:16,900 [DEBUG   ] Writing TrueType font.
LINE 805 : 2021-01-21 16:57:16,927 [DEBUG   ] Embedding font /System/Library/Fonts/Supplemental/Arial.ttf.
LINE 812 : 2021-01-21 16:57:16,927 [DEBUG   ] Writing TrueType font.
LINE 2646: 2021-01-21 16:57:17,022 [DEBUG   ] top of axes not in the figure, so title not moved
LINE 2646: 2021-01-21 16:57:17,044 [DEBUG   ] top of axes not in the figure, so title not moved
LINE 2646: 2021-01-21 16:57:17,059 [DEBUG   ] top of axes not in the figure, so title not moved
LINE 2646: 2021-01-21 16:57:17,099 [DEBUG   ] top of axes not in the figure, so title not moved
LINE 2646: 2021-01-21 16:57:17,105 [DEBUG   ] top of axes not in the figure, so title not moved
LINE 2646: 2021-01-21 16:57:17,110 [DEBUG   ] top of axes not in the figure, so title not moved
LINE 2646: 2021-01-21 16:57:17,137 [DEBUG   ] top of axes not in the figure, so title not moved
LINE 2646: 2021-01-21 16:57:17,143 [DEBUG   ] top of axes not in the figure, so title not moved
LINE 2646: 2021-01-21 16:57:17,148 [DEBUG   ] top of axes not in the figure, so title not moved
LINE 2646: 2021-01-21 16:57:17,158 [DEBUG   ] top of axes not in the figure, so title not moved
LINE 763 : 2021-01-21 16:57:17,164 [DEBUG   ] Assigning font /b'F1' = '/System/Library/Fonts/Supplemental/Arial.ttf'
LINE 2646: 2021-01-21 16:57:17,173 [DEBUG   ] top of axes not in the figure, so title not moved
LINE 2646: 2021-01-21 16:57:17,182 [DEBUG   ] top of axes not in the figure, so title not moved
LINE 763 : 2021-01-21 16:57:17,218 [DEBUG   ] Assigning font /b'F2' = '/System/Library/Fonts/Supplemental/Arial Bold.ttf'
LINE 805 : 2021-01-21 16:57:17,218 [DEBUG   ] Embedding font /System/Library/Fonts/Supplemental/Arial Bold.ttf.
LINE 812 : 2021-01-21 16:57:17,218 [DEBUG   ] Writing TrueType font.
LINE 805 : 2021-01-21 16:57:17,246 [DEBUG   ] Embedding font /System/Library/Fonts/Supplemental/Arial.ttf.
LINE 812 : 2021-01-21 16:57:17,246 [DEBUG   ] Writing TrueType font.
LINE 2646: 2021-01-21 16:57:17,343 [DEBUG   ] top of axes not in the figure, so title not moved
LINE 2646: 2021-01-21 16:57:17,364 [DEBUG   ] top of axes not in the figure, so title not moved
LINE 2646: 2021-01-21 16:57:17,380 [DEBUG   ] top of axes not in the figure, so title not moved
LINE 2646: 2021-01-21 16:57:17,420 [DEBUG   ] top of axes not in the figure, so title not moved
LINE 2646: 2021-01-21 16:57:17,426 [DEBUG   ] top of axes not in the figure, so title not moved
LINE 2646: 2021-01-21 16:57:17,432 [DEBUG   ] top of axes not in the figure, so title not moved
LINE 2646: 2021-01-21 16:57:17,460 [DEBUG   ] top of axes not in the figure, so title not moved
LINE 2646: 2021-01-21 16:57:17,467 [DEBUG   ] top of axes not in the figure, so title not moved
LINE 2646: 2021-01-21 16:57:17,473 [DEBUG   ] top of axes not in the figure, so title not moved
LINE 2646: 2021-01-21 16:57:17,485 [DEBUG   ] top of axes not in the figure, so title not moved
LINE 763 : 2021-01-21 16:57:17,490 [DEBUG   ] Assigning font /b'F1' = '/System/Library/Fonts/Supplemental/Arial.ttf'
LINE 2646: 2021-01-21 16:57:17,499 [DEBUG   ] top of axes not in the figure, so title not moved
LINE 2646: 2021-01-21 16:57:17,509 [DEBUG   ] top of axes not in the figure, so title not moved
LINE 763 : 2021-01-21 16:57:17,543 [DEBUG   ] Assigning font /b'F2' = '/System/Library/Fonts/Supplemental/Arial Bold.ttf'
LINE 805 : 2021-01-21 16:57:17,543 [DEBUG   ] Embedding font /System/Library/Fonts/Supplemental/Arial Bold.ttf.
LINE 812 : 2021-01-21 16:57:17,543 [DEBUG   ] Writing TrueType font.
LINE 805 : 2021-01-21 16:57:17,571 [DEBUG   ] Embedding font /System/Library/Fonts/Supplemental/Arial.ttf.
LINE 812 : 2021-01-21 16:57:17,571 [DEBUG   ] Writing TrueType font.
LINE 2646: 2021-01-21 16:57:17,671 [DEBUG   ] top of axes not in the figure, so title not moved
LINE 2646: 2021-01-21 16:57:17,691 [DEBUG   ] top of axes not in the figure, so title not moved
LINE 2646: 2021-01-21 16:57:17,706 [DEBUG   ] top of axes not in the figure, so title not moved
LINE 2646: 2021-01-21 16:57:17,745 [DEBUG   ] top of axes not in the figure, so title not moved
LINE 2646: 2021-01-21 16:57:17,751 [DEBUG   ] top of axes not in the figure, so title not moved
LINE 2646: 2021-01-21 16:57:17,758 [DEBUG   ] top of axes not in the figure, so title not moved
LINE 2646: 2021-01-21 16:57:17,786 [DEBUG   ] top of axes not in the figure, so title not moved
LINE 2646: 2021-01-21 16:57:17,792 [DEBUG   ] top of axes not in the figure, so title not moved
LINE 2646: 2021-01-21 16:57:17,797 [DEBUG   ] top of axes not in the figure, so title not moved
LINE 2646: 2021-01-21 16:57:17,808 [DEBUG   ] top of axes not in the figure, so title not moved
LINE 763 : 2021-01-21 16:57:17,813 [DEBUG   ] Assigning font /b'F1' = '/System/Library/Fonts/Supplemental/Arial.ttf'
LINE 2646: 2021-01-21 16:57:17,822 [DEBUG   ] top of axes not in the figure, so title not moved
LINE 2646: 2021-01-21 16:57:17,831 [DEBUG   ] top of axes not in the figure, so title not moved
LINE 763 : 2021-01-21 16:57:17,865 [DEBUG   ] Assigning font /b'F2' = '/System/Library/Fonts/Supplemental/Arial Bold.ttf'
LINE 805 : 2021-01-21 16:57:17,865 [DEBUG   ] Embedding font /System/Library/Fonts/Supplemental/Arial Bold.ttf.
LINE 812 : 2021-01-21 16:57:17,865 [DEBUG   ] Writing TrueType font.
LINE 805 : 2021-01-21 16:57:17,894 [DEBUG   ] Embedding font /System/Library/Fonts/Supplemental/Arial.ttf.
LINE 812 : 2021-01-21 16:57:17,894 [DEBUG   ] Writing TrueType font.
LINE 2646: 2021-01-21 16:57:17,997 [DEBUG   ] top of axes not in the figure, so title not moved
LINE 2646: 2021-01-21 16:57:18,017 [DEBUG   ] top of axes not in the figure, so title not moved
LINE 2646: 2021-01-21 16:57:18,032 [DEBUG   ] top of axes not in the figure, so title not moved
LINE 2646: 2021-01-21 16:57:18,071 [DEBUG   ] top of axes not in the figure, so title not moved
LINE 2646: 2021-01-21 16:57:18,077 [DEBUG   ] top of axes not in the figure, so title not moved
LINE 2646: 2021-01-21 16:57:18,084 [DEBUG   ] top of axes not in the figure, so title not moved
LINE 2646: 2021-01-21 16:57:18,113 [DEBUG   ] top of axes not in the figure, so title not moved
LINE 2646: 2021-01-21 16:57:18,119 [DEBUG   ] top of axes not in the figure, so title not moved
LINE 2646: 2021-01-21 16:57:18,124 [DEBUG   ] top of axes not in the figure, so title not moved
LINE 2646: 2021-01-21 16:57:18,135 [DEBUG   ] top of axes not in the figure, so title not moved
LINE 763 : 2021-01-21 16:57:18,141 [DEBUG   ] Assigning font /b'F1' = '/System/Library/Fonts/Supplemental/Arial.ttf'
LINE 2646: 2021-01-21 16:57:18,149 [DEBUG   ] top of axes not in the figure, so title not moved
LINE 2646: 2021-01-21 16:57:18,158 [DEBUG   ] top of axes not in the figure, so title not moved
LINE 763 : 2021-01-21 16:57:18,193 [DEBUG   ] Assigning font /b'F2' = '/System/Library/Fonts/Supplemental/Arial Bold.ttf'
LINE 805 : 2021-01-21 16:57:18,193 [DEBUG   ] Embedding font /System/Library/Fonts/Supplemental/Arial Bold.ttf.
LINE 812 : 2021-01-21 16:57:18,193 [DEBUG   ] Writing TrueType font.
LINE 805 : 2021-01-21 16:57:18,220 [DEBUG   ] Embedding font /System/Library/Fonts/Supplemental/Arial.ttf.
LINE 812 : 2021-01-21 16:57:18,221 [DEBUG   ] Writing TrueType font.
LINE 2646: 2021-01-21 16:57:18,322 [DEBUG   ] top of axes not in the figure, so title not moved
LINE 2646: 2021-01-21 16:57:18,344 [DEBUG   ] top of axes not in the figure, so title not moved
LINE 2646: 2021-01-21 16:57:18,359 [DEBUG   ] top of axes not in the figure, so title not moved
LINE 2646: 2021-01-21 16:57:18,398 [DEBUG   ] top of axes not in the figure, so title not moved
LINE 2646: 2021-01-21 16:57:18,404 [DEBUG   ] top of axes not in the figure, so title not moved
LINE 2646: 2021-01-21 16:57:18,409 [DEBUG   ] top of axes not in the figure, so title not moved
LINE 2646: 2021-01-21 16:57:18,438 [DEBUG   ] top of axes not in the figure, so title not moved
LINE 2646: 2021-01-21 16:57:18,444 [DEBUG   ] top of axes not in the figure, so title not moved
LINE 2646: 2021-01-21 16:57:18,449 [DEBUG   ] top of axes not in the figure, so title not moved
LINE 2646: 2021-01-21 16:57:18,459 [DEBUG   ] top of axes not in the figure, so title not moved
LINE 763 : 2021-01-21 16:57:18,465 [DEBUG   ] Assigning font /b'F1' = '/System/Library/Fonts/Supplemental/Arial.ttf'
LINE 2646: 2021-01-21 16:57:18,473 [DEBUG   ] top of axes not in the figure, so title not moved
LINE 2646: 2021-01-21 16:57:18,482 [DEBUG   ] top of axes not in the figure, so title not moved
LINE 763 : 2021-01-21 16:57:18,516 [DEBUG   ] Assigning font /b'F2' = '/System/Library/Fonts/Supplemental/Arial Bold.ttf'
LINE 805 : 2021-01-21 16:57:18,516 [DEBUG   ] Embedding font /System/Library/Fonts/Supplemental/Arial Bold.ttf.
LINE 812 : 2021-01-21 16:57:18,516 [DEBUG   ] Writing TrueType font.
LINE 805 : 2021-01-21 16:57:18,543 [DEBUG   ] Embedding font /System/Library/Fonts/Supplemental/Arial.ttf.
LINE 812 : 2021-01-21 16:57:18,544 [DEBUG   ] Writing TrueType font.
LINE 2646: 2021-01-21 16:57:18,643 [DEBUG   ] top of axes not in the figure, so title not moved
LINE 2646: 2021-01-21 16:57:18,666 [DEBUG   ] top of axes not in the figure, so title not moved
LINE 2646: 2021-01-21 16:57:18,681 [DEBUG   ] top of axes not in the figure, so title not moved
LINE 2646: 2021-01-21 16:57:18,721 [DEBUG   ] top of axes not in the figure, so title not moved
LINE 2646: 2021-01-21 16:57:18,728 [DEBUG   ] top of axes not in the figure, so title not moved
LINE 2646: 2021-01-21 16:57:18,734 [DEBUG   ] top of axes not in the figure, so title not moved
LINE 2646: 2021-01-21 16:57:18,761 [DEBUG   ] top of axes not in the figure, so title not moved
LINE 2646: 2021-01-21 16:57:18,767 [DEBUG   ] top of axes not in the figure, so title not moved
LINE 2646: 2021-01-21 16:57:18,773 [DEBUG   ] top of axes not in the figure, so title not moved
LINE 2646: 2021-01-21 16:57:18,783 [DEBUG   ] top of axes not in the figure, so title not moved
LINE 763 : 2021-01-21 16:57:18,790 [DEBUG   ] Assigning font /b'F1' = '/System/Library/Fonts/Supplemental/Arial.ttf'
LINE 2646: 2021-01-21 16:57:18,801 [DEBUG   ] top of axes not in the figure, so title not moved
LINE 2646: 2021-01-21 16:57:18,810 [DEBUG   ] top of axes not in the figure, so title not moved
LINE 763 : 2021-01-21 16:57:18,845 [DEBUG   ] Assigning font /b'F2' = '/System/Library/Fonts/Supplemental/Arial Bold.ttf'
LINE 805 : 2021-01-21 16:57:18,845 [DEBUG   ] Embedding font /System/Library/Fonts/Supplemental/Arial Bold.ttf.
LINE 812 : 2021-01-21 16:57:18,846 [DEBUG   ] Writing TrueType font.
LINE 805 : 2021-01-21 16:57:18,874 [DEBUG   ] Embedding font /System/Library/Fonts/Supplemental/Arial.ttf.
LINE 812 : 2021-01-21 16:57:18,874 [DEBUG   ] Writing TrueType font.
LINE 2646: 2021-01-21 16:57:19,073 [DEBUG   ] top of axes not in the figure, so title not moved
LINE 2646: 2021-01-21 16:57:19,097 [DEBUG   ] top of axes not in the figure, so title not moved
LINE 2646: 2021-01-21 16:57:19,112 [DEBUG   ] top of axes not in the figure, so title not moved
LINE 2646: 2021-01-21 16:57:19,153 [DEBUG   ] top of axes not in the figure, so title not moved
LINE 2646: 2021-01-21 16:57:19,159 [DEBUG   ] top of axes not in the figure, so title not moved
LINE 2646: 2021-01-21 16:57:19,165 [DEBUG   ] top of axes not in the figure, so title not moved
LINE 2646: 2021-01-21 16:57:19,193 [DEBUG   ] top of axes not in the figure, so title not moved
LINE 2646: 2021-01-21 16:57:19,199 [DEBUG   ] top of axes not in the figure, so title not moved
LINE 2646: 2021-01-21 16:57:19,205 [DEBUG   ] top of axes not in the figure, so title not moved
LINE 2646: 2021-01-21 16:57:19,215 [DEBUG   ] top of axes not in the figure, so title not moved
LINE 763 : 2021-01-21 16:57:19,221 [DEBUG   ] Assigning font /b'F1' = '/System/Library/Fonts/Supplemental/Arial.ttf'
LINE 2646: 2021-01-21 16:57:19,231 [DEBUG   ] top of axes not in the figure, so title not moved
LINE 2646: 2021-01-21 16:57:19,241 [DEBUG   ] top of axes not in the figure, so title not moved
LINE 763 : 2021-01-21 16:57:19,276 [DEBUG   ] Assigning font /b'F2' = '/System/Library/Fonts/Supplemental/Arial Bold.ttf'
LINE 805 : 2021-01-21 16:57:19,276 [DEBUG   ] Embedding font /System/Library/Fonts/Supplemental/Arial Bold.ttf.
LINE 812 : 2021-01-21 16:57:19,276 [DEBUG   ] Writing TrueType font.
LINE 805 : 2021-01-21 16:57:19,303 [DEBUG   ] Embedding font /System/Library/Fonts/Supplemental/Arial.ttf.
LINE 812 : 2021-01-21 16:57:19,303 [DEBUG   ] Writing TrueType font.
LINE 2646: 2021-01-21 16:57:19,402 [DEBUG   ] top of axes not in the figure, so title not moved
LINE 2646: 2021-01-21 16:57:19,423 [DEBUG   ] top of axes not in the figure, so title not moved
LINE 2646: 2021-01-21 16:57:19,438 [DEBUG   ] top of axes not in the figure, so title not moved
LINE 2646: 2021-01-21 16:57:19,478 [DEBUG   ] top of axes not in the figure, so title not moved
LINE 2646: 2021-01-21 16:57:19,484 [DEBUG   ] top of axes not in the figure, so title not moved
LINE 2646: 2021-01-21 16:57:19,490 [DEBUG   ] top of axes not in the figure, so title not moved
LINE 2646: 2021-01-21 16:57:19,516 [DEBUG   ] top of axes not in the figure, so title not moved
LINE 2646: 2021-01-21 16:57:19,522 [DEBUG   ] top of axes not in the figure, so title not moved
LINE 2646: 2021-01-21 16:57:19,528 [DEBUG   ] top of axes not in the figure, so title not moved
LINE 2646: 2021-01-21 16:57:19,538 [DEBUG   ] top of axes not in the figure, so title not moved
LINE 763 : 2021-01-21 16:57:19,544 [DEBUG   ] Assigning font /b'F1' = '/System/Library/Fonts/Supplemental/Arial.ttf'
LINE 2646: 2021-01-21 16:57:19,553 [DEBUG   ] top of axes not in the figure, so title not moved
LINE 2646: 2021-01-21 16:57:19,562 [DEBUG   ] top of axes not in the figure, so title not moved
LINE 763 : 2021-01-21 16:57:19,598 [DEBUG   ] Assigning font /b'F2' = '/System/Library/Fonts/Supplemental/Arial Bold.ttf'
LINE 805 : 2021-01-21 16:57:19,598 [DEBUG   ] Embedding font /System/Library/Fonts/Supplemental/Arial Bold.ttf.
LINE 812 : 2021-01-21 16:57:19,598 [DEBUG   ] Writing TrueType font.
LINE 805 : 2021-01-21 16:57:19,626 [DEBUG   ] Embedding font /System/Library/Fonts/Supplemental/Arial.ttf.
LINE 812 : 2021-01-21 16:57:19,626 [DEBUG   ] Writing TrueType font.
LINE 2646: 2021-01-21 16:57:19,722 [DEBUG   ] top of axes not in the figure, so title not moved
LINE 2646: 2021-01-21 16:57:19,741 [DEBUG   ] top of axes not in the figure, so title not moved
LINE 2646: 2021-01-21 16:57:19,758 [DEBUG   ] top of axes not in the figure, so title not moved
LINE 2646: 2021-01-21 16:57:19,796 [DEBUG   ] top of axes not in the figure, so title not moved
LINE 2646: 2021-01-21 16:57:19,803 [DEBUG   ] top of axes not in the figure, so title not moved
LINE 2646: 2021-01-21 16:57:19,808 [DEBUG   ] top of axes not in the figure, so title not moved
LINE 2646: 2021-01-21 16:57:19,835 [DEBUG   ] top of axes not in the figure, so title not moved
LINE 2646: 2021-01-21 16:57:19,841 [DEBUG   ] top of axes not in the figure, so title not moved
LINE 2646: 2021-01-21 16:57:19,846 [DEBUG   ] top of axes not in the figure, so title not moved
LINE 2646: 2021-01-21 16:57:19,856 [DEBUG   ] top of axes not in the figure, so title not moved
LINE 763 : 2021-01-21 16:57:19,862 [DEBUG   ] Assigning font /b'F1' = '/System/Library/Fonts/Supplemental/Arial.ttf'
LINE 2646: 2021-01-21 16:57:19,870 [DEBUG   ] top of axes not in the figure, so title not moved
LINE 2646: 2021-01-21 16:57:19,879 [DEBUG   ] top of axes not in the figure, so title not moved
LINE 763 : 2021-01-21 16:57:19,913 [DEBUG   ] Assigning font /b'F2' = '/System/Library/Fonts/Supplemental/Arial Bold.ttf'
LINE 805 : 2021-01-21 16:57:19,913 [DEBUG   ] Embedding font /System/Library/Fonts/Supplemental/Arial Bold.ttf.
LINE 812 : 2021-01-21 16:57:19,913 [DEBUG   ] Writing TrueType font.
LINE 805 : 2021-01-21 16:57:19,941 [DEBUG   ] Embedding font /System/Library/Fonts/Supplemental/Arial.ttf.
LINE 812 : 2021-01-21 16:57:19,941 [DEBUG   ] Writing TrueType font.
LINE 2646: 2021-01-21 16:57:20,038 [DEBUG   ] top of axes not in the figure, so title not moved
LINE 2646: 2021-01-21 16:57:20,059 [DEBUG   ] top of axes not in the figure, so title not moved
LINE 2646: 2021-01-21 16:57:20,076 [DEBUG   ] top of axes not in the figure, so title not moved
LINE 2646: 2021-01-21 16:57:20,114 [DEBUG   ] top of axes not in the figure, so title not moved
LINE 2646: 2021-01-21 16:57:20,120 [DEBUG   ] top of axes not in the figure, so title not moved
LINE 2646: 2021-01-21 16:57:20,126 [DEBUG   ] top of axes not in the figure, so title not moved
LINE 2646: 2021-01-21 16:57:20,152 [DEBUG   ] top of axes not in the figure, so title not moved
LINE 2646: 2021-01-21 16:57:20,158 [DEBUG   ] top of axes not in the figure, so title not moved
LINE 2646: 2021-01-21 16:57:20,164 [DEBUG   ] top of axes not in the figure, so title not moved
LINE 2646: 2021-01-21 16:57:20,174 [DEBUG   ] top of axes not in the figure, so title not moved
LINE 763 : 2021-01-21 16:57:20,180 [DEBUG   ] Assigning font /b'F1' = '/System/Library/Fonts/Supplemental/Arial.ttf'
LINE 2646: 2021-01-21 16:57:20,189 [DEBUG   ] top of axes not in the figure, so title not moved
LINE 2646: 2021-01-21 16:57:20,198 [DEBUG   ] top of axes not in the figure, so title not moved
LINE 763 : 2021-01-21 16:57:20,234 [DEBUG   ] Assigning font /b'F2' = '/System/Library/Fonts/Supplemental/Arial Bold.ttf'
LINE 805 : 2021-01-21 16:57:20,235 [DEBUG   ] Embedding font /System/Library/Fonts/Supplemental/Arial Bold.ttf.
LINE 812 : 2021-01-21 16:57:20,235 [DEBUG   ] Writing TrueType font.
LINE 805 : 2021-01-21 16:57:20,262 [DEBUG   ] Embedding font /System/Library/Fonts/Supplemental/Arial.ttf.
LINE 812 : 2021-01-21 16:57:20,262 [DEBUG   ] Writing TrueType font.
LINE 2646: 2021-01-21 16:57:20,359 [DEBUG   ] top of axes not in the figure, so title not moved
LINE 2646: 2021-01-21 16:57:20,378 [DEBUG   ] top of axes not in the figure, so title not moved
LINE 2646: 2021-01-21 16:57:20,395 [DEBUG   ] top of axes not in the figure, so title not moved
LINE 2646: 2021-01-21 16:57:20,433 [DEBUG   ] top of axes not in the figure, so title not moved
LINE 2646: 2021-01-21 16:57:20,439 [DEBUG   ] top of axes not in the figure, so title not moved
LINE 2646: 2021-01-21 16:57:20,445 [DEBUG   ] top of axes not in the figure, so title not moved
LINE 2646: 2021-01-21 16:57:20,471 [DEBUG   ] top of axes not in the figure, so title not moved
LINE 2646: 2021-01-21 16:57:20,477 [DEBUG   ] top of axes not in the figure, so title not moved
LINE 2646: 2021-01-21 16:57:20,482 [DEBUG   ] top of axes not in the figure, so title not moved
LINE 2646: 2021-01-21 16:57:20,493 [DEBUG   ] top of axes not in the figure, so title not moved
LINE 763 : 2021-01-21 16:57:20,498 [DEBUG   ] Assigning font /b'F1' = '/System/Library/Fonts/Supplemental/Arial.ttf'
LINE 2646: 2021-01-21 16:57:20,506 [DEBUG   ] top of axes not in the figure, so title not moved
LINE 2646: 2021-01-21 16:57:20,517 [DEBUG   ] top of axes not in the figure, so title not moved
LINE 763 : 2021-01-21 16:57:20,551 [DEBUG   ] Assigning font /b'F2' = '/System/Library/Fonts/Supplemental/Arial Bold.ttf'
LINE 805 : 2021-01-21 16:57:20,551 [DEBUG   ] Embedding font /System/Library/Fonts/Supplemental/Arial Bold.ttf.
LINE 812 : 2021-01-21 16:57:20,551 [DEBUG   ] Writing TrueType font.
LINE 805 : 2021-01-21 16:57:20,578 [DEBUG   ] Embedding font /System/Library/Fonts/Supplemental/Arial.ttf.
LINE 812 : 2021-01-21 16:57:20,579 [DEBUG   ] Writing TrueType font.
LINE 2646: 2021-01-21 16:57:20,678 [DEBUG   ] top of axes not in the figure, so title not moved
LINE 2646: 2021-01-21 16:57:20,698 [DEBUG   ] top of axes not in the figure, so title not moved
LINE 2646: 2021-01-21 16:57:20,713 [DEBUG   ] top of axes not in the figure, so title not moved
LINE 2646: 2021-01-21 16:57:20,752 [DEBUG   ] top of axes not in the figure, so title not moved
LINE 2646: 2021-01-21 16:57:20,758 [DEBUG   ] top of axes not in the figure, so title not moved
LINE 2646: 2021-01-21 16:57:20,764 [DEBUG   ] top of axes not in the figure, so title not moved
LINE 2646: 2021-01-21 16:57:20,792 [DEBUG   ] top of axes not in the figure, so title not moved
LINE 2646: 2021-01-21 16:57:20,798 [DEBUG   ] top of axes not in the figure, so title not moved
LINE 2646: 2021-01-21 16:57:20,804 [DEBUG   ] top of axes not in the figure, so title not moved
LINE 2646: 2021-01-21 16:57:20,814 [DEBUG   ] top of axes not in the figure, so title not moved
LINE 763 : 2021-01-21 16:57:20,820 [DEBUG   ] Assigning font /b'F1' = '/System/Library/Fonts/Supplemental/Arial.ttf'
LINE 2646: 2021-01-21 16:57:20,829 [DEBUG   ] top of axes not in the figure, so title not moved
LINE 2646: 2021-01-21 16:57:20,837 [DEBUG   ] top of axes not in the figure, so title not moved
LINE 763 : 2021-01-21 16:57:20,872 [DEBUG   ] Assigning font /b'F2' = '/System/Library/Fonts/Supplemental/Arial Bold.ttf'
LINE 805 : 2021-01-21 16:57:20,872 [DEBUG   ] Embedding font /System/Library/Fonts/Supplemental/Arial Bold.ttf.
LINE 812 : 2021-01-21 16:57:20,872 [DEBUG   ] Writing TrueType font.
LINE 805 : 2021-01-21 16:57:20,900 [DEBUG   ] Embedding font /System/Library/Fonts/Supplemental/Arial.ttf.
LINE 812 : 2021-01-21 16:57:20,900 [DEBUG   ] Writing TrueType font.
LINE 2646: 2021-01-21 16:57:21,000 [DEBUG   ] top of axes not in the figure, so title not moved
LINE 2646: 2021-01-21 16:57:21,020 [DEBUG   ] top of axes not in the figure, so title not moved
LINE 2646: 2021-01-21 16:57:21,036 [DEBUG   ] top of axes not in the figure, so title not moved
LINE 2646: 2021-01-21 16:57:21,073 [DEBUG   ] top of axes not in the figure, so title not moved
LINE 2646: 2021-01-21 16:57:21,079 [DEBUG   ] top of axes not in the figure, so title not moved
LINE 2646: 2021-01-21 16:57:21,085 [DEBUG   ] top of axes not in the figure, so title not moved
LINE 2646: 2021-01-21 16:57:21,111 [DEBUG   ] top of axes not in the figure, so title not moved
LINE 2646: 2021-01-21 16:57:21,117 [DEBUG   ] top of axes not in the figure, so title not moved
LINE 2646: 2021-01-21 16:57:21,123 [DEBUG   ] top of axes not in the figure, so title not moved
LINE 2646: 2021-01-21 16:57:21,133 [DEBUG   ] top of axes not in the figure, so title not moved
LINE 763 : 2021-01-21 16:57:21,139 [DEBUG   ] Assigning font /b'F1' = '/System/Library/Fonts/Supplemental/Arial.ttf'
LINE 2646: 2021-01-21 16:57:21,148 [DEBUG   ] top of axes not in the figure, so title not moved
LINE 2646: 2021-01-21 16:57:21,156 [DEBUG   ] top of axes not in the figure, so title not moved
LINE 763 : 2021-01-21 16:57:21,191 [DEBUG   ] Assigning font /b'F2' = '/System/Library/Fonts/Supplemental/Arial Bold.ttf'
LINE 805 : 2021-01-21 16:57:21,191 [DEBUG   ] Embedding font /System/Library/Fonts/Supplemental/Arial Bold.ttf.
LINE 812 : 2021-01-21 16:57:21,191 [DEBUG   ] Writing TrueType font.
LINE 805 : 2021-01-21 16:57:21,219 [DEBUG   ] Embedding font /System/Library/Fonts/Supplemental/Arial.ttf.
LINE 812 : 2021-01-21 16:57:21,219 [DEBUG   ] Writing TrueType font.
LINE 2646: 2021-01-21 16:57:21,318 [DEBUG   ] top of axes not in the figure, so title not moved
LINE 2646: 2021-01-21 16:57:21,343 [DEBUG   ] top of axes not in the figure, so title not moved
LINE 2646: 2021-01-21 16:57:21,358 [DEBUG   ] top of axes not in the figure, so title not moved
LINE 2646: 2021-01-21 16:57:21,397 [DEBUG   ] top of axes not in the figure, so title not moved
LINE 2646: 2021-01-21 16:57:21,404 [DEBUG   ] top of axes not in the figure, so title not moved
LINE 2646: 2021-01-21 16:57:21,410 [DEBUG   ] top of axes not in the figure, so title not moved
LINE 2646: 2021-01-21 16:57:21,438 [DEBUG   ] top of axes not in the figure, so title not moved
LINE 2646: 2021-01-21 16:57:21,443 [DEBUG   ] top of axes not in the figure, so title not moved
LINE 2646: 2021-01-21 16:57:21,449 [DEBUG   ] top of axes not in the figure, so title not moved
LINE 2646: 2021-01-21 16:57:21,459 [DEBUG   ] top of axes not in the figure, so title not moved
LINE 763 : 2021-01-21 16:57:21,466 [DEBUG   ] Assigning font /b'F1' = '/System/Library/Fonts/Supplemental/Arial.ttf'
LINE 2646: 2021-01-21 16:57:21,476 [DEBUG   ] top of axes not in the figure, so title not moved
LINE 2646: 2021-01-21 16:57:21,485 [DEBUG   ] top of axes not in the figure, so title not moved
LINE 763 : 2021-01-21 16:57:21,519 [DEBUG   ] Assigning font /b'F2' = '/System/Library/Fonts/Supplemental/Arial Bold.ttf'
LINE 805 : 2021-01-21 16:57:21,519 [DEBUG   ] Embedding font /System/Library/Fonts/Supplemental/Arial Bold.ttf.
LINE 812 : 2021-01-21 16:57:21,520 [DEBUG   ] Writing TrueType font.
LINE 805 : 2021-01-21 16:57:21,547 [DEBUG   ] Embedding font /System/Library/Fonts/Supplemental/Arial.ttf.
LINE 812 : 2021-01-21 16:57:21,547 [DEBUG   ] Writing TrueType font.
LINE 2646: 2021-01-21 16:57:21,750 [DEBUG   ] top of axes not in the figure, so title not moved
LINE 2646: 2021-01-21 16:57:21,771 [DEBUG   ] top of axes not in the figure, so title not moved
LINE 2646: 2021-01-21 16:57:21,786 [DEBUG   ] top of axes not in the figure, so title not moved
LINE 2646: 2021-01-21 16:57:21,824 [DEBUG   ] top of axes not in the figure, so title not moved
LINE 2646: 2021-01-21 16:57:21,830 [DEBUG   ] top of axes not in the figure, so title not moved
LINE 2646: 2021-01-21 16:57:21,835 [DEBUG   ] top of axes not in the figure, so title not moved
LINE 2646: 2021-01-21 16:57:21,864 [DEBUG   ] top of axes not in the figure, so title not moved
LINE 2646: 2021-01-21 16:57:21,870 [DEBUG   ] top of axes not in the figure, so title not moved
LINE 2646: 2021-01-21 16:57:21,875 [DEBUG   ] top of axes not in the figure, so title not moved
LINE 2646: 2021-01-21 16:57:21,886 [DEBUG   ] top of axes not in the figure, so title not moved
LINE 763 : 2021-01-21 16:57:21,892 [DEBUG   ] Assigning font /b'F1' = '/System/Library/Fonts/Supplemental/Arial.ttf'
LINE 2646: 2021-01-21 16:57:21,901 [DEBUG   ] top of axes not in the figure, so title not moved
LINE 2646: 2021-01-21 16:57:21,910 [DEBUG   ] top of axes not in the figure, so title not moved
LINE 763 : 2021-01-21 16:57:21,944 [DEBUG   ] Assigning font /b'F2' = '/System/Library/Fonts/Supplemental/Arial Bold.ttf'
LINE 805 : 2021-01-21 16:57:21,945 [DEBUG   ] Embedding font /System/Library/Fonts/Supplemental/Arial Bold.ttf.
LINE 812 : 2021-01-21 16:57:21,945 [DEBUG   ] Writing TrueType font.
LINE 805 : 2021-01-21 16:57:21,973 [DEBUG   ] Embedding font /System/Library/Fonts/Supplemental/Arial.ttf.
LINE 812 : 2021-01-21 16:57:21,973 [DEBUG   ] Writing TrueType font.
LINE 526 : 2021-01-21 16:57:22,002 [INFO    ] Congratulations. GSEApy runs successfully................

LINE 2646: 2021-01-21 16:57:22,125 [DEBUG   ] top of axes not in the figure, so title not moved
LINE 2646: 2021-01-21 16:57:22,136 [DEBUG   ] top of axes not in the figure, so title not moved
LINE 2646: 2021-01-21 16:57:22,143 [DEBUG   ] top of axes not in the figure, so title not moved
LINE 2646: 2021-01-21 16:57:22,172 [DEBUG   ] top of axes not in the figure, so title not moved
LINE 2646: 2021-01-21 16:57:22,178 [DEBUG   ] top of axes not in the figure, so title not moved
LINE 2646: 2021-01-21 16:57:22,184 [DEBUG   ] top of axes not in the figure, so title not moved
LINE 2646: 2021-01-21 16:57:22,211 [DEBUG   ] top of axes not in the figure, so title not moved
LINE 2646: 2021-01-21 16:57:22,216 [DEBUG   ] top of axes not in the figure, so title not moved
LINE 2646: 2021-01-21 16:57:22,221 [DEBUG   ] top of axes not in the figure, so title not moved
LINE 2646: 2021-01-21 16:57:22,232 [DEBUG   ] top of axes not in the figure, so title not moved
LINE 2646: 2021-01-21 16:57:22,249 [DEBUG   ] top of axes not in the figure, so title not moved
LINE 2646: 2021-01-21 16:57:22,255 [DEBUG   ] top of axes not in the figure, so title not moved
LINE 203 : 2021-01-21 16:57:22,514 [DEBUG   ] Creating converter from 5 to 3
